2024-11-02T05:39:48.048Z [csp_violation]: "c7cd5ba66d09e145ad6797ef71b8b622018f74344d1ed64b06dd18d0410eb0db26a66f4b6f3505188aed2ebfc8e1be1d"
2024-11-02T05:39:48.073Z [csp_violation]: "94395d91ddc64d241b7102f9bee419d51e06b11a9d8aec583589c70d764c02a1a807f843bc5c683f56cad63781ff4e90"
2024-11-02T05:39:52.142Z [info]: "33f7f5856b245ab4b0933ec12ce3c4a57a2dd609ef2ca0f44ebeb93aaae5619f20acdf7d41d682f7152d0c6880aad306"
2024-11-02T05:40:35.352Z [csp_violation]: "59adff18a6900ca3acb773cc89a6f2c34c2d070ae09a98f489c2e7e52033de36daf5ac026492b1b2464e23489235d65a"
2024-11-02T05:40:35.359Z [csp_violation]: "1c6c454eb6369663a54f8c066982cbe5522ee9b3b61b8390de4f64b9426523edba07ccad17c038936f9fd2ea2c5e5620"
2024-11-02T05:40:39.061Z [info]: "f83aac9890a4535a22d5ab827d46f2e976454a57122f70f8a6e059cf26f675aff921c2b8aa9ae183d13de07dae32640a"
2024-11-02T05:42:43.090Z [csp_violation]: "5b31e7ea4a68bdd545300b917fd763eec70ed002afbb5e44bb1f2f807207a39749244e4d3bd13564cf365288127e6714"
2024-11-02T05:42:43.117Z [csp_violation]: "1c2f8e0080be29ce5c2078c35712055be18e45172a2dc4ff365ffdb1e48563c43e2c1a3f74a57326f815303aa9cec828"
2024-11-02T05:42:54.140Z [info]: "d2a31beaa4f7e4645b72e0211dfb400636a51507ca58fd4c14acf778b88aa3c8b85735f3945b24256e8e72c5336a6344"
2024-11-02T06:04:11.834Z [info]: "38499834c7594e6c2b5902a4663c799af7013de5aa825a8ffc75b9853bccff955c3ed4a2ee2e8a082f518c13c610d10e"
2024-11-02T06:10:31.587Z [info]: "ff712fed7acc2ba086711e89d39b9ef8b6a6bdafa43d6f9ee8967b41b4516e3c89a62b279fa4fb0184d767d7b185fdba"
2024-11-02T06:14:52.831Z [info]: "a753688d56fa5677273c061e6b0d025c59b1d126ddc56cd8e1a473a57cab5f77cf8aea12d30bed80d14b063c85faab40"
2024-11-02T06:22:52.687Z [info]: "1746e08964141c685056efce09b8f5ba0da59dc0a05b7a94d77ac530ffe7975ed38d87e4f6f1d814c823d6c7dea76e8d"
2024-11-02T16:27:45.953Z [info]: "cde73d138904ba0c4c47b390d2515f3a9bea0623f2d395c0e52b28751be326b2983298b08f808dcd7f34cc25aa4e997a"
2024-11-02T16:28:01.393Z [csp_violation]: "55f61f3838f0c2abbd0ddb9ee98dfbf947fc55aa3a5edc3e9a07d998e2177def566b724c2692fa84c4daee06563691a2"
2024-11-02T16:29:02.539Z [info]: "b5f0fc9d639ae21dea4f8f23db76516ae6b3210d9f6efd8204f30d2a088faf2449fa78a40b3c73a9ec707c38f1e7a1db"
2024-11-02T16:29:05.196Z [csp_violation]: "431cddc3555e326f8db4116319475aa6d7bc0c8ef2015ef7f4c0a48bf83c53410a2ca5b8d94f9c0514d8980d14295e98"
2024-11-02T16:44:05.458Z [info]: "145663f80daf1edc98d2cea550ea6c969408546c6900eb67f4c76754c88b8362402614dde8ac0e6373dc0a892ff25b4f"
2024-11-02T16:45:12.184Z [info]: "52ab35128cd9bb502490c886b837a133bb280ed9fcd7a60e216afb11075352678fff24ba2f7686f0d38f93827d8ddac3"
2024-11-02T16:45:14.406Z [csp_violation]: "b45ffb9580fe6c6f2018c29e1bbb4b0f53558caeb9746d55ae2bbc7e8b1c410df2966c91ec52e8dcd4b63860276cec2a"
2024-11-02T16:46:22.474Z [info]: "b1422315ba5dad17cd8fb85297ae95fd317ecf25da83790551f2bc266a3a920ce183b15fe45f54b0821ee9a4d3961e7d"
2024-11-02T16:46:25.134Z [csp_violation]: "8c04ef527e55ac756fee742224a61ee1ce55621685f7dbd85a5af1d9e9f92baea474f5142f595abb033bb06608112459"
2024-11-02T20:29:26.584Z [info]: "aa4a7e3d0bfade8e9a696125443345c5d95c172ccc1f414c9314e87a65a3e178eff2b6143aade9371759cbe5d429cf9b"
2024-11-02T20:29:34.282Z [csp_violation]: "f069f0bb7fb2d2594f0d77cbc1b584771d36c2cee2945cfcd81747d73f741c5c737a2763fabe771d931f252f2810ad74"
2024-11-02T20:30:28.501Z [info]: "7fd8b75c6e4f50e608bc39709e0abd08a6faecf9a0bacb82a21680db9aaaf4222b02ca19998557367482cf6c71692d57"
2024-11-02T20:30:38.040Z [csp_violation]: "a060c55c84d48a0b12fe1957090a2795af9e3c7d35abac6d1b994988674da78206026f11fc49e1b4a2e97187a570f7bb"
2024-11-02T20:30:41.711Z [csp_violation]: "6d3f52b296c1982d0d51daf4d06a50a4d3b1835bdd1683358fd2c8aaa828a1bf6289cbac6fce7d70eba99cc2d8378546"
2024-11-02T20:49:50.728Z [csp_violation]: "f65522e98022411052734c1a02d4a8be6da5dd4bc17eb87c872fba4755312d948db02d7b6134497e5a7a8db22d680ee2"
2024-11-02T21:12:29.200Z [info]: "bc9bf00af501be84ffd78a6a71b4d555cff0ca385c21d6ade0db4e1799807389f5d01e6b1bafd45d701ed28f76c12eab"
2024-11-02T21:13:02.311Z [info]: "6a454c7ff7673f72d3420b63c504a2737ea37037a054260083b476248ea7e37aedb651b003d9bf3387d783ff697b39bb"
2024-11-02T21:13:11.883Z [csp_violation]: "299cf376bba585c28d2fcc7568a979bf3cf42921ea095802248ba4a690b20c2b7a7590d0e986929e5e8c82068d45e8ef"
2024-11-02T21:14:16.281Z [info]: "d826cf9a1e3535f753b2d19f4a12cc5631a5ef1aef6a9a425bc00f6a594bb1b0ef549a4156c4ae1006909e7a6d2a0058"
2024-11-02T21:14:23.143Z [csp_violation]: "d1b95018febe716164a2ae99df07a04b95f71d3e006bf639edb53bbe4816d0fb8424f462216e91e1fc65e42f53bb17f8"
2024-11-02T21:15:50.328Z [info]: "05a388956e21d964f7e4693a0cd5bbd8ee4adff14174df2fdaa518d54e93e765923a7c78010c2d0d63f2a0cf9741289b"
2024-11-02T21:15:56.401Z [csp_violation]: "d01cf4110ffc2a739742cbc16152794ffd9f5ce07060fc91cc021f6bb87689f6777f51e0fa8e28c2e0035fde9fb9ceab"
2024-11-02T21:16:45.010Z [info]: "939971b7c276dbeaf326de8bbc4c2c38e769f4e2ea35f5c4e70cfcd5734c2819677ddddb72bf1c29825ee7fd0dfff0e0"
2024-11-02T21:16:50.758Z [csp_violation]: "16032cbb5b26e323d58e99ba937103159afa41475a7dd7bfebfd003f0b57f96927dba18a2c4027ddf349ad735ecafa58"
2024-11-02T21:18:48.644Z [info]: "41d56f88f4ced0ad2e0e32198a9640d15c5c37e4d92873a8787203afa42c4220b3f06580116610a893f499f3102f02e1"
2024-11-02T21:20:53.164Z [info]: "b7bef543e30732b02123aeb1466f1d72252ddc989cf9896c9a0a080b4775a4370e0ea3dc479f1ca425e10c2aaea1ed25"
2024-11-02T21:23:24.495Z [info]: "651e69543e3445f3283ac79962fb593823c819c10bfeee2a0188d7461a358dd1f43aafdedd89683c09f71501a6eb7c0d"
2024-11-02T21:25:19.416Z [info]: "db7a46f4393f432abd42ad50b5a02aceb3c257a161c3cc6bc564584431308a2d86d1ad31b344b093cfff63d625d689c0"
2024-11-02T21:37:58.437Z [info]: "66d375e3413d99086aff500774a3760850f64967f7a1a24cecfdd05bf5a7a1a615ffe84ee9f07525c119232dfb8529b6"
2024-11-02T21:39:01.477Z [info]: "43a46719fb14d86b9c89d4312a64531c872004854fd57f22e8c126b1b0dc76b7c714cdfb371daddd5f0657cb558503bb"
2024-11-02T21:40:57.071Z [info]: "5a319e50ab96cdcbf676f6d25b727908769f0ba54c294d5a87dfd175887819e9e841fce66e7d90d9a995fd00366b1fa7"
2024-11-02T21:55:12.369Z [info]: "e5dff1ff9b3f1c6183a1243c00173c904a201064fc0818703cbe7f68bcf23d5d140de392202ccb5f77dc65d3b1aa1156"
2024-11-02T21:56:22.715Z [info]: "8652e1b05a2a55c81f84cf521ea013308389769e0c2240ed54a368ec257e4b4b7f7f8d06191d29e533767beb2b42b210"
2024-11-02T21:57:21.463Z [info]: "2b741b8ada6dbccce3c184a2e13a697d8ce403ae08f390c42a5ad20ffbbeb2933957a0fb94b921891531e4775e5b9f53"
2024-11-02T21:59:34.855Z [info]: "3a8b937ee735a23f5fb984d791a99cab686ca3d05de0ce2a668401a26933df5baa6b6740375c6cd47a86c68cc663f9ee"
2024-11-02T22:12:32.286Z [info]: "c5e5e4ee7dd33d564236a08927ef0f65e40b78f9a9634a3ebdf55a0ef22f00920da8e74cf18b95d14b48c72548e8ec07"
2024-11-02T22:18:02.799Z [info]: "e28493a87340b2f07c814fc5761264f95335f2d241af00200a8d49a24b4b659a4fa07b98ea0f9593661cbdedca5f8526"
2024-11-02T22:19:31.652Z [info]: "3a98535a0b69bd96c45a6bc02e522ce03aa21230f2bdc4e2a3a8787682624b1e3d26eb0cd9188a3cafb63422d6565cb4"
2024-11-02T22:23:11.203Z [info]: "122cba90f0f81d72618902d92a82205694218c842c2b5705ba86444623d158a4185a49d7fd0d52cceae0f0120c3ccdcf"
2024-11-02T22:48:26.199Z [info]: "7fb2ab1820b5f90ee2f01744777c7932ec308193bec3bbe5d0a277e74739918f4a74aa7cfba9d96c033acb93b018f529"
2024-11-02T22:50:28.392Z [info]: "cb07ac6d6f99769f54d21d9be6934574362d71feb1a16ffd3e291753057d02f0fe100938d61ebb7460a38bd530eb3a29"
2024-11-03T04:31:42.353Z [info]: "4e373c2a82e85bb51a162c24b1dd122a4896dd4a41bf3b74804a2eb0192f0ab215f6f06c8f906c3c189780d25a01767c"
2024-11-07T02:15:22.591Z [error]: "c98e44b8154e9f0b79a4094b470e88133b0e10c8f0b9aab4639a7ededffaa18376f01e859add9f3aff7d9f3d799773c9e687315ca9f3185728faf85563d8e111d7c60bf46b59a3592efc8bca405839042974a77e39734e77b007296642e51a3abd47a110122a1483770f62cf1cd4d2907f74fdfbefbd9dcd52d0949800a6a83c"
2024-12-07T01:23:00.051Z [info]: "9816dec3ff7a9fb89100f4938a1d6910ee71e85ad7889b90193a27bfe1a143eeda8b9da0a82411c7e60948e8e4d65e34476a2bc4879975fe1bb6bf8a2ba09d62"
2024-12-07T01:23:00.055Z [info]: "75ca34890bc0f5196a0d7a090a135e08af8fd2f98995ca98c42070942bd70bc715618a86cc31ef8d8f948c86cf1902f0ccfe0d4b0b52f944d89e41c855cf0b1fb62fbe69ab083892ddeb93f7285f8557"
2024-12-07T01:23:00.063Z [info]: "ad110e6db2801a2fff2a4671be6a85979cb3244087125b2225be886dea826cefbb81c1217ab167183e1770f6197b6151"
2024-12-07T01:23:11.794Z [info]: "568c72d1282eabb116c58d9d1c160a2cebbf7331c5e4f3b535dd6666b275781e2acfda584c13ce7633954ef5fcab8ccc"
2024-12-07T03:32:21.691Z [info]: "b2783c243e46ac0f02757e27497ed66a6432f5d8b4c5b44c15adf6e8ec05f8710c7b4896aa267a4ac65a2568fc7bbdf748e744f1c0509d8b41c05aab68e36dfb"
2024-12-07T03:32:21.696Z [info]: "b67bc423ed65b3ce51c79177f76795d765b5251f280268741e02ad499d45b8f0754923bd10c0b542175244e523a28e86bfbf2ebf1f14891e96b97fd81edd74f22cdbdbe740161956c7a439c465e98b89"
2024-12-07T03:32:21.704Z [info]: "633b473c5cd6d90b9a19cfe8c61bd4d7764cbb6d54ce34d0dfae48edf15e9ea55de7137d4066b1455167250632cd9df6"
2024-12-16T22:21:40.432Z [info]: "c3f9944c1ffaef3e669af37886a04639827f69bde6a2f4d26850af41b6e79cc67477d190b8cb541365d9134dad92def385c5d54e97f0ed5e04f50552b3676f61"
2024-12-16T22:21:40.436Z [info]: "753872827a7bbefb1fc501a89621e6ea6c34d3988301779f2e8f98e09d94e59399a061038d40c9c350661503f5a3fb8937256ec8ede77d2d622203d46187cfc33208a5ef31dbeab47e573fafc4b90de6"
2024-12-16T22:21:40.444Z [info]: "9ae5b82ca23e0e789bc0c7ce52e1b622dfc05468f705ef566a7ac51c2bd5d686ea86c5cec1642f7e9dc65354c00d86ef"
2024-12-16T22:21:59.706Z [csp_violation]: "5d70ce140e344c84c26940ecb9f27d835629cadbce278241cb083de4719b031dff9638906af66e9d4fff1748e942879b"
2024-12-26T03:45:44.022Z [info]: "e771667a9c727e777a4ef43388d72b78f598b8e573966afd36839c5f69dd8c6c7335b5ced843d744a6d47d687080fca2e11111f77ac87637f9759d60691cf34f"
2024-12-26T03:45:44.026Z [info]: "3f06e1429ffffaa57b50781f6df530c64ae4da496ae5065c0c1a4f1c59e8e9cfcca984eb958869dcabcf3bb51fc7f0e6023cd277161f2e832090214c582edafaf495139cdc89e2e7c2d0cf3cf9752952"
2024-12-26T03:45:44.062Z [info]: "21ec73c94f1d522093bdda194cf03066815725088405154b6770bf8f8edd22766d681ea006fb79fd7efd21d9ec12a880"
2024-12-26T03:47:13.714Z [csp_violation]: "8fb6623a05cec9414bd36209d188ff0182becc653dc8a13d1c6e3073ccfe0da1612d932672d2e4af19603bf3d8202efb"
2024-12-26T03:48:40.508Z [info]: "c35e07e9b8838e0c537f6e40b5490948797ae3cae3158f64dd169c2a65dc532e690a1ce2872bf5def228c8848bf9939e"
2024-12-26T03:51:37.893Z [info]: "d0fedaf34042ab2a6e3e67cff019e7938e6a1d925bb938277abb1ef2686550e27deda8541e47274dacc67cc57ea810d13d282205770a3b1d6d0c50d2b14768d2"
2024-12-26T03:51:37.904Z [info]: "e100b2018c4a0064185ffb60286de32d5f81d0b41e6a0b08074cd40553b1110d651e6d0883990b384ff8137ef2dadd3e06ab85aad9144ddf339e58ce2e2c5093f47a6a816a197e7f3068b58c2a0973b8"
2024-12-26T03:51:37.948Z [info]: "f99b43562c0a1d637fafe2e446fd705a4f71f9a119eb8b8bc83c69a70e6ca600eeff783a86d687fbe61b1f358bfe9c83"
2024-12-26T03:51:46.178Z [csp_violation]: "dfbf0b1e8cc76589cc47d97bdb9f375349f7c8fdae8e6d32a991a27a7edc50858ba8cdf6d0cd9e78c417e4f20b5d94a7"
2025-01-22T22:28:55.470Z [info]: "28db080925a1b86746435195dda07c9494963ec9834eca436a6377e147cb7b2ae471cb9501b1c89e0d917a343edb5c08eef5d69a70daa0aa2264dfc05d96661f"
2025-01-22T22:28:55.473Z [info]: "43fe6717c4704a99f46e172588e78e0b2b3987959b90f915217117e188ce0fce826b828acc608ed992a4335cee0cab313aa24af110f21298aa85009b5999545cda52aff9291d5c5a520d7de7cbec3147"
2025-01-22T22:28:55.491Z [info]: "649d1b27672899dd64c59f7cb23fb0b167ea16138ee104ce4308c0458ccbc60aa5903e0c0630977b60a778a4ee27ba78"
2025-01-22T22:29:10.142Z [info]: "30277e7b2970c219f6c1ba8b69b0a84ffbd1b462732d19c92a2f3c379b787f63f7b6cd9ff83f68a7189e184d821427e9"
2025-01-22T22:41:35.584Z [info]: "ecae1de97f6d05f80b16396422760ce8cf4e83ae85109591d5d492eb7dba61dcb02d0fafcfb391cb5d738ac082ab9898a25be34041d42f249d2bc5c475f5af33"
2025-01-22T22:41:35.588Z [info]: "92c59e9bfa89dfa989f3e3e2a9421ff68ab8d5b63e5901b77176ce81603df9e8afea85d19f51411613380d399dc024f411225ac02b9078089849eb74cac58efb5047eeceb314443f8ad8d289e0d65c9a"
2025-01-22T22:41:35.601Z [info]: "9da5146e07d6deb6b864ea6995c82940a38d295e1cc052be09c2804ce6f3c3b3f0a80ae60cff49f040d09bcf67cefaba"
2025-01-22T22:41:49.154Z [info]: "c430c42bc9f1c73623efa249424ecce6d25d54caaa92ebbf64bb09077fc6ae8be5e0e116570a331fe99ed64113eedefd"
2025-02-08T21:31:16.860Z [info]: "c5573b8740835c083e74a32a710160a3e1737241ff1016f8e51318ee354fe4b808fd15e4e72c620520a4cc87b4a3aa388eb89af43ef41fc894ba0e17dfebc7c8"
2025-02-08T21:31:16.863Z [info]: "836cada49970b365ede2ff5b8c57bfff252654975e15313e5cda59fe5f95ddb28cab253d41a698217bbf640e1b51b071b6270b91883a54c68f87ac2b51ff87e7b388880048efd694ae9be4c6d5f5cc4e"
2025-02-08T21:31:16.865Z [info]: "b4c63b3a0932ff56ffe118d07ffc326cb343c8f427759514fdeecbc8b8de4eaa0817b5bf047c1129563aa63f9994db0c"
2025-02-08T21:31:22.829Z [csp_violation]: "ee19600b1fa1187c82caa37ba9b9b4a6f0a63e2e13e1705e5d8adb3748c6a9e4e45ae6433da40b976a2f6e119af5d099"
2025-02-08T21:31:25.549Z [csp_violation]: "4c29a8d1426165f1e1eae9c665eb7958ac09cecfc380030bc05fdc25707baf2f0b91ca1c3d044644da81a0d46c6e14cd"
2025-02-08T21:33:02.392Z [csp_violation]: "dfa241ae8c1c594d67400896f5b326b81f7a2a00de41952b0ff7b57a588a12386515a2bb6f655982a7e8b4d6fb28deca"
2025-02-08T21:34:04.639Z [csp_violation]: "0193fee8f2627b40a360077f2f7639e359698c60db18b8dd7b067d25dd2500337e0d113127cbefe486c80b0fa1e167a7"
2025-02-08T21:34:20.219Z [csp_violation]: "595ab1ca6f3a12cbe4fe7ac0380aa761c2c0ceab28bca3434e7dfa899d518818aede1288f70e4adac9946edaf34a0732"
2025-02-08T21:34:42.576Z [csp_violation]: "72315d3fe5dba9fd779ed4f26f0c5f69fac73f2324145757e857c4aea58e28bd5697a8e7eeb26ae3ab0c4779094e9ea5"
2025-02-08T21:35:00.252Z [csp_violation]: "a5f93aee25695b4e8a86dace2aff91eac6e5854e957ef2550a35839f4cc48e8327e2084dd3008f198068dcd9d099a627"
2025-02-08T21:35:15.742Z [csp_violation]: "93d4cba18e9d74d4fe61f38147d08059e7e4d52f9116a267be1e322ab7869267c75d5776f17b9fe3fa473876ee85b196"
2025-02-08T21:36:47.651Z [info]: "573640c55247637c82a3ac8a6d41bed2c63e6ee46b031465f0307f4e9c0c94c3060f7cf8330342e7c8a09cd118cbc25a"
2025-02-08T21:36:56.459Z [info]: "b42edcdc13bbb61cb13159c8c04dba080b016a25987afe0c26713c294c544b3b6f711af506f43cc1dff06cbe3a4a0735"
2025-02-08T21:36:56.640Z [csp_violation]: "6b1fe2ad2e1685ba1aee89aec87fc7c06781baf934097a70d31c3f010e3a75ac23c044031da7743f189f084807d85eca"
2025-02-08T21:37:09.437Z [csp_violation]: "c3c70f470927196cb2fdd4cd2fafab4bfd8536fdfbd1e205b9ddf4c2e814ef8e8fcfbe8a0c46138f0f3195bf55bcffec"
2025-02-08T21:37:43.714Z [csp_violation]: "4f79dbaeabe16bd0a39a6227b2028ff60a7219e69cafd09bad04b9d1043723aae828215a7a9b8ae7276de6b03cfccb03"
2025-02-08T21:58:28.391Z [info]: "ecfb29c3bece447efacc93ec01a12b1569ca5249d5d69940cda3cb07a0592c3f7ecf8cff358f336db5fd8952167c3799f9374c51d7a86fb71bbbcdd00da4f78b"
2025-02-08T21:58:28.393Z [info]: "5673bf1123e757ece1a9af424e3ae3e2365b7370302d11c28f27aaf68948436272a0a3308d9a90434843540f593c8faaa236db226a94f52020e4308a332b5e5d1e28ee4da94e6da167d40d18fe2cbde7"
2025-02-08T21:58:28.396Z [info]: "738f20dce461692cada2d36ff36021a0eb852ccb1f781983a19a2eab48f4a5e9ae837079001da74433094ea222e79726"
2025-02-08T21:58:32.515Z [csp_violation]: "aaefe377e5c987843cc99b4c8422475bbd2a34dfb64935497a96d0e85bbb47e51a9fdd158484d18d0badb791e966bb27"
2025-02-08T21:58:58.843Z [csp_violation]: "4415a5f53ec66649696854bd8a8593424ebf9558806341e9ccb6cd0fb61b299a66c608da9fd9b721a04aee9a2f9c59e3"
2025-02-08T22:00:24.233Z [csp_violation]: "6f212f2f6d78b2c27c8a1329a5a03f1af76e2d95f03832b9c092598346706115b59d23a1303d06c3ce7f6970257d0bc3"
2025-02-08T22:00:31.095Z [csp_violation]: "623990d1776ed73993c5790759ad43aeb674c7c20f081827d15db0639f3f5905eb3de5316bcbd475ff30e11139af3d21"
2025-02-08T22:00:34.765Z [csp_violation]: "768a19013d681ca3555ec43a5493766bc0be926d5f08f47f75c7951d72b8db90d4c60adf8d6766b6bc540c4d17cad8db"
2025-02-08T22:00:43.850Z [csp_violation]: "10749f599941804e297729fd609e079df0c4ab86c8f05f4605adbe4ce3f18beca7791518df0c8e6a3f1d4b6e62767a08"
2025-02-08T22:02:35.521Z [csp_violation]: "c3383de182251231d2669bc897ab964e634073a3118d0f2258452c86b70e7f55e3e5c1bfef807e1fe339eb5c20718621"
2025-02-08T22:03:02.290Z [info]: "2f8b752609d9c5de27a07fe9fb73e7fb575fbc133a9b38036ce31133200cf8b78bac49e64c321ced4b9d20545c52edac7614997d87aaa371ebc2e9da33b3c10f"
2025-02-08T22:03:02.292Z [info]: "8b744a505ed45ef36ce6914668dcc263a993d942ea9c08e75861ccebf92c2133cb89275b4d080d91f2ba3a9aeaa9353a28e90478dfcb87c478f4e16394c7ff01f281fba88b0a0e96a1608023446c2a78"
2025-02-08T22:03:02.295Z [info]: "84eb8afc2bf8cc665cd0c409e8d093c2a4dc7f50bd2231367c04de62b404e9674ca9b91b4ef6d10126a4a401479b3ba0"
2025-02-08T22:03:05.041Z [csp_violation]: "156467c188b9ca2ec8bf6e4e8873d3aa5e135d63284a90b464e43a7a6877210ae6a4235b1488d949c029b5246db0476e"
2025-02-08T22:03:13.605Z [csp_violation]: "0e9d82c0438470afa7dd02ba543b2e102ddf01ed4689f13039669a52d443e0a2fadf998721e59106ec21739cc0bd2431"
2025-02-08T22:03:17.527Z [csp_violation]: "e17f06e8f3a9eb01adce3a92f91b10aa3898672b8dd072d2f52191f964c831d6ff05081b326208a68a3f599bfeb36925"
2025-02-08T22:03:43.868Z [info]: "82c8526fafd1a9504726b8d8df8dbe2d93a337053a6f6c1803b530789215336b94478052f23bfa73b687c0b848f51095d29501e425d5f9fdc03afa719856a006"
2025-02-08T22:03:43.870Z [info]: "22f139298bd78dc6da33e8282546faceac76956f843f6ed51a922a24dcd8c71d03a8300a7bf9d88e2837780f1e5e4f5d17575cc5209bbe43ce6886d951c442c56038e9594635af8f0835fe1f8def2349"
2025-02-08T22:03:43.875Z [info]: "a4dbe79b5cdd1ca39c3bff6871b0440b0f4125ae135ae1a9bdf35dc4f23609c69dbe58a012b9bc436fa64cb8e166b77c"
2025-02-08T22:03:45.494Z [csp_violation]: "10b4aab2f7e76af110947540a702e25c275d6f607671921816b02cf446d893f8dfbbb803d49e8dfdb3acbb5309c56d4b"
2025-02-08T22:03:53.303Z [csp_violation]: "0dbe15bb306295ccc1abbf3453596e7ec58cf949ab1f4c99cfe8e87656db5e7cb1c14247cae5fad5803ba502cf90aa1c"
2025-02-08T22:03:54.756Z [csp_violation]: "0095c6ce5f89b9b77e45603bc37f44fcd0f2517b71bc2cb7f2cd29c1a78e8c8422b5a6e7b37c2915367537ac5818f964"
2025-02-08T22:04:43.331Z [csp_violation]: "f115ec9748aecb54399b2d1c6d0472eca39502c57736b2017d1e8dec0822c7c8505fb77ce14526b042765b82a79d0ffc"
2025-02-08T22:05:02.595Z [info]: "3f31eb661f28fae2f93d44340c9fe364430f3a71e2e7fc83011e869c7945bf488149995386349200fc5af71aa0921eba83f50d8499dea4e6956158d5be9435ac"
2025-02-08T22:05:02.597Z [info]: "a835a4a03a5bbb442beff82f1277c50c910d7570b09ba697dbaf385072b0c264974977667b49f1d6d455864dee9e16dd63709a3f47fad10763c8a0e6f2d100a008e6346c5c400783cc77d72d381a48c1"
2025-02-08T22:05:02.600Z [info]: "a719fb450b5dd90293b62376698106a8ca2214e312048c49cc6020c44c63c9d56c13ab96efecba4d817c6e5d210488dd"
2025-02-08T22:05:05.521Z [csp_violation]: "eb5596e11dbc4c7b4c7d522d06848d4364486a19502312e0d5ea915e9c422a1f36438429853f828935bc819fd90d9820"
2025-02-08T22:05:12.992Z [csp_violation]: "6dc3d2611cd4c882b2e903e6bcd04e7ffd66ecb2f556eb5b4e5ff30ecd6659f0dab66b20af4b0e23d2fbca88327fdbc3"
2025-02-08T22:05:14.311Z [csp_violation]: "0bf3f600f479b2c31dc3dbca43c43d516572611058e900e81eb5ec7196f5fc7316222496fee13e3750ebce1ba6545052"
2025-02-08T22:05:16.309Z [csp_violation]: "e63324196f3c84fe0600978b91a78f8712342312a070649e26e114f064f663665431ca986285d3d4164a129fa873a1be"
2025-02-08T22:06:27.826Z [csp_violation]: "341c47971fdacc07408d690e4dd5cc4dc4212be2ed69f6d2beab9300f1ae9db62115a207635403f32ac5e280134e1aa3"
2025-02-08T22:06:53.535Z [csp_violation]: "e8ff353b5a06f1ccad4644823b83b8cacf57f2a5bba6841ed294bdb451199e37f34c63abcfb75474d5bea70ba8fcd26f"
2025-02-08T22:07:15.324Z [csp_violation]: "19e3d9a77f88133355d8f569cea18c2389c937775098902d89c96c34a59caaad7001be21ae8fa5a1a2b66afcda74456f"
2025-02-08T22:07:19.806Z [csp_violation]: "66ab67019b9900c5964d1486c77c76828f4af1381afbe2622bf121d2005893c482cbde2f15b59c155169385826006314"
2025-02-08T22:07:20.607Z [csp_violation]: "9072bb4b548a56cb11676616bc45cb969bfc30119c4eca00d8fea18c5afb009b45aa24dd1cc97580d2061a81fd18c3d9"
2025-02-08T22:08:15.524Z [info]: "a6050841f28729227834286347d2b212f078d3d7df519983de36bd4761fb1be1bb721c58c2ac47ac80690185d2634062263e5ca096f87fd2d5a62543893c9fc5"
2025-02-08T22:08:15.527Z [info]: "3b671cc3ff5b8fc9c3a4022fc05c6d32dbe1b4bcb6eec58a59e0773fa5140b0ef56c7843ef8f0d989026a020898efef028a59cec94c2f11017bafc0533561b0322c9707706865f35ba4a498860bbc31b"
2025-02-08T22:08:15.530Z [info]: "d5cbe37d013d6d16de1615f14b08b4837dd4a81ce4c4914200c911e5c205cca933b0163fe35115fcf41df84c2b2a46dd"
2025-02-08T22:08:39.443Z [info]: "3aa9410ea83207b1746c071b4dd555a9729a5bc278f2d3757c4ddf4928d6e9cf142c6f2ecd0bfb7fc8baeb4a242b486a2284a50205ba1124b12824683f2305e6"
2025-02-08T22:08:39.445Z [info]: "a1e1a7eee98d5f234d701847524b9fedc2b540190409af21faa891ca8352251cddc5d16dd2be8d227a556877ec9bc73d30d17950a225684e337e780837494063c05ac9a0b6a9b3cb7315883425f802af"
2025-02-08T22:08:39.449Z [info]: "0fe852c9477975011b3f1e0e3cc64252644b8037c629d2b8585f15ca08cd1aeb4242551db2d172d2970dbda9f497c03a"
2025-02-08T22:08:58.806Z [info]: "afecb718f6732ee5c93fbacafb87d6206c7d51ba70707a36f44777cf6ecdbff08d6c9ef7db58a1fd943cdde92b80969b838f42a7bb2b7e2fb7a49942d1473edf"
2025-02-08T22:08:58.808Z [info]: "a2de14b7415a1ebbac65a4e27ca5d79b7edfc6b3af3f44e3bc97350aa255799e2f375ddd0ed900e7d8d10a39cbcdb01653905112c0559b9e3da83f787be05f8a729dbd950502ed63f8ec735b4f193c43"
2025-02-08T22:08:58.812Z [info]: "7a5e185ecbdecc32294341a072612241d910b4ded76a5a51a62e6db6e1622d82d91b61f49d3eb5593b0c32901849bb1b"
2025-02-08T22:09:12.757Z [info]: "eac74d97f24a863e108da6c3754cbb139a40009367c8cd2efe5a81fbd94d9001802b955901c131da91cd0eac8a70faa93cda377fe103b4c01e9238cbe148d6d9"
2025-02-08T22:09:12.759Z [info]: "158b76a7ba0d902653f7c326669a2c5d5ccff12e6be2cefe089c9c0e56146311a682781fdfcf0d818f34c417357ec3dce1a7b02d987d4d7f223e9a56e27449b6e75eaf0f52d3a3aed44aef93a23aa9eb"
2025-02-08T22:09:12.763Z [info]: "f5bbfa56bffc9b4d2b3b38763cd2a8e06f4524008dbd2ad2e1c11dcb9f02058f15f08d57eaccf698f944f98e3bb9c46c"
2025-02-08T22:09:18.821Z [csp_violation]: "bb9e2af8f01765395a680b2bbd08ca038195d93e29a51c156df25b8df5a27e52e0b535623b0553f9651d25a4c74c5c39"
2025-02-08T22:09:26.015Z [csp_violation]: "a764510e3fce2f5d9adb4bd509016e15428fb5f49f2e9d45f4cce93039fa10bc32df80b916eaaa52074acd225f930298"
2025-02-08T22:09:27.360Z [csp_violation]: "72ad95aefb7a0ef4af695c143b2a4e5f78cfe986dafbfa7dd65c4f3feda5e201095689b8ed42f14888511f85273ccbe5"
2025-02-08T22:09:28.659Z [csp_violation]: "0fc8e4edaebc495106cc8aeb6f1feb558c12009b9b427c81e0f983edb4f7a1004dab8aae901392db48e1c040820ca354"
2025-02-08T22:10:41.777Z [info]: "6dd6160d249041e81b4ad33312578fd5047b7d48593bd411c3b4799da87420d5becc84ece06af6bbd611d9356551f34635a0b2edbc3265a4163228d5721465a5"
2025-02-08T22:10:41.780Z [info]: "1cd6e17a4be7b659752933724a82f90c8e30d74d748a4b69cec727ef495425149b5832518e9eb08d8462c80b0ac1a18547b5b9f78f132742dac5a5c247a5b6c1259f3f3f85b431fde52e422bb6caaed4"
2025-02-08T22:10:41.784Z [info]: "eefe2f2aca7a18f021e099eeea9ef8cd397084efc1bf31565e9688b8ccc3d5ea69d188eecdd75d49dfbc9876a8646fec"
2025-02-08T22:10:50.001Z [info]: "a1e88362f7128361c0ddbccc95993a06b0c5b8d7f8e17e6b6dd8ff9a73e02cf844692bc2c5e7fbbe6ee8137accd7bf062c96b4a4041e7be0a3ffbe8f856fa4d3"
2025-02-08T22:10:50.003Z [info]: "e8ff7e6624d82549be9551257bca140beea98b0763bc0e533226a98f981faa00acfd1f6bd81016dc61cc1fbe00be5dcbe71e0ab2d6be8627ec526c62f04a689f7d3b5a3edbf8565febd6f4fb42245f0b"
2025-02-08T22:10:50.007Z [info]: "c60fcec746970098298e76b8a2884b94b641191ae0791bfd375f18d8567ccd4233caed9cad3404141776f0c8831d0e02"
2025-02-08T22:10:51.552Z [csp_violation]: "7285480ca068e104b48f69a7b78d83510ffff69503cc29f200eff615ee371fb011b22df62d244adf16720461f33b9613"
2025-02-08T22:10:57.570Z [csp_violation]: "2e7c7ee3818965393a2ee5fa2fdb20fb3b853fb8a2b625d9f2f09ceab5098ac5e76b580c271461654a8ab58354802d6c"
2025-02-08T22:10:59.154Z [csp_violation]: "8ed581a1be868833716d7aba7a600b3bf34ea267e82cff4784e87fa4e29b242a9ba625d8c0451641bc14406a9571dabe"
2025-02-08T22:11:43.027Z [info]: "8b55d33df1f50112a1cc365af8f8a6b9d820abb109b0551eacbd8aa5e39e8d3c02b8a7fec1c609a6e99e84114a3cb5ab1dac19e2e199a52a8f7e587d291d0da3"
2025-02-08T22:11:43.030Z [info]: "2adb48da1e4517808eea85b235a845ba7ba5382ed8cbd00af34970c22a5e4eecc6605d104137d641333086e064192d652bcef9dcebdaa8c6d6b5cae92a0ad65ea78ea2df513409a1fabed69e1149d77b"
2025-02-08T22:11:43.034Z [info]: "c7d4d6ae1a2b5142a0cb13814a9ffe5e64dba72ee2707ab447512c843e93e7368b1d4d0edd9bf34bc7e74fb5bdc4acce"
2025-02-08T22:11:45.632Z [csp_violation]: "26193736c250d4b8d33150ac055de30e16e6c992d46be395b061daa6712951756ca0cee9b198dc87d3d41a3a284a652f"
2025-02-08T22:11:54.972Z [csp_violation]: "5c9e72d08a85c7ba9d21a196909fc19301dfc61bae11f6eb750c14278f148715a8104a51a0762a43dd6a3b14d59ff7c9"
2025-02-08T22:11:56.911Z [csp_violation]: "7fe0873532b5fa235346013172e511185ec20c3e3a9e250134a1bf18f37f25aeb33077e0730a9b67da221f5687ec377f"
2025-02-08T22:11:58.671Z [csp_violation]: "8ce31d9a68d6d5834965d62f143ad25e6fc5f53473a6f4608f2dbe6ef20fad5a1bbcb594e85eec351b94f55d94b84b81"
2025-02-08T22:13:49.555Z [info]: "77a87808c5a4dbf96fb7149f075c7c892d09e3efc84a862b7af57b673f43bb83c9ad19d4dbd780795323efd74ca469c947cc5bf7259104670eaa62ad211a30fc"
2025-02-08T22:13:49.557Z [info]: "2b752d86cd3dbf14de6ebfad6d434633b45aad044e57a1c1590cb1de930d382750ca87d433e1f54f9aee586f87e9b0a53e2039d936ad0596672e0f5db2c22e9c54fc595ad2d6ac8c30e6ea29ef5c119f"
2025-02-08T22:13:49.561Z [info]: "7b0dcca756b0f38851f95f174e9fedf736f1f4edd212d816a30e817be4cd1d2b03340f2e8116648e49b44cae8183b7c7"
2025-02-08T22:13:53.691Z [csp_violation]: "d9ce1aa146e578ba9311d2fb1e88d7f06a83a93e55be48334b70daf0577e2c3933fe553660a03b5cc4eb849e83766c73"
2025-02-08T22:13:59.977Z [csp_violation]: "835ae9c92ef6b13eb2d24e1f4ca7bf440ffd26e84b1882a1bfa0201b325d14ef3607cf13834d96195973974e793d8a1d"
2025-02-08T22:14:01.520Z [csp_violation]: "8d5b843f111d922b7f581971d9a4c1a91c7f5500c75b8689421f75149dea2c0a34b287c4c1361b700d579e5c36ecbf56"
2025-02-08T22:14:02.870Z [csp_violation]: "16c2043d38120a2fdcba86610f4b2ac660c803b75d1b0f916c35b9f98f8274ac5b5f46fabf8cd02f108e900fa5dc58e2"
2025-02-08T22:15:01.601Z [info]: "cc5cc8e86015caa9f8257aff216905b626ae7a793c6ff0184c351a68de7d902c26b37a1168adf5c165821953c02a96f4327d84a27b8f68d75fee47b4b3911454"
2025-02-08T22:15:01.604Z [info]: "d4813f34b0de19874db1f507573fc3791f7151291606f7c56270e164e2d70720be67fefe329880497eeb7011fbe656ef857784144b414dc06eed577add509e026cf0f7e693f8326a917b5fc7f173112f"
2025-02-08T22:15:01.607Z [info]: "c10c413d51a9434a280626094c6a5b944bdd72aa69df1dc80f51866567b5abbbb751de1a7e69f295238de20155fa33b8"
2025-02-08T22:15:06.375Z [csp_violation]: "c588c7a673f1f364ddd016619127ed6656dd8fc4be185287780320dfb763e8a6ad867bfc21719a35fbe4b8d8fa8dcfff"
2025-02-08T22:15:13.941Z [csp_violation]: "7f30cddaf11bfb2d36f17ff355094864edbc4703802a2af74630f7ab0f58afa49b6be6b1958bfdab52d0dd6e3cff5012"
2025-02-08T22:15:15.373Z [csp_violation]: "756ccffe33c4514ab95ae95679b6dcf066c16eab80ab266e7416d9566171da071c253cead31878c136c99b60a95217ad"
2025-02-08T22:15:16.870Z [csp_violation]: "d0cfed58371a26bee116afb50e575690be39ca06dbea9b294b9e507ee379e7db9a2a1f4f51844e601613975d45afdc2d"
2025-02-08T22:15:57.411Z [info]: "8cc7ccd1231ad168e6e8ca2d1967b5e96bbab304bc900bd57e21a912948980b379ed8f88188cac02db0cfd2b9bd1ef288439013cc0cb48b3abe488b633117749"
2025-02-08T22:15:57.414Z [info]: "8c2974f971fbdf063ebadab06a44d029739164044a29ab820c13f5c1d98b0bcbf63cc6b31d3db21a3f4610cadd7013517b157e2749070456d5f39b934037282b3b0db62316ea747db88cea59e11d7431"
2025-02-08T22:15:57.417Z [info]: "cf7d615a621474767b649b52b6da458329cf4840cf37b1a6ca80d9b03595e5ab2cd8b128a7fa137ae84e7fb868c6d4f8"
2025-02-08T22:16:01.638Z [csp_violation]: "9342505d33e70e3ebd35a67d8fc50c3dbedd04369f77ac880f5a83264670e1e52500c077d7d4a68b9507e4531bbc39e8"
2025-02-08T22:16:09.648Z [csp_violation]: "99008cc0b7a673ce50f41d81ce1d941a2f8ecbbc9649e9173b343f85e2641733d2b875c76cc215d30f3c23310e615ef2"
2025-02-08T22:16:11.127Z [csp_violation]: "ecde49b465b4fc756514ca96872fb476edd5e6b3221ac4cdb9b71fdb685826efbdd2b33892164f96c3a35fa41189abc2"
2025-02-08T22:16:12.650Z [csp_violation]: "c550e14167fda9fdf848c46076f57d46916981ac4201f0adc0ec630662ef98c0136dd2695071710f518e9051b649a05f"
2025-02-08T22:17:54.269Z [info]: "64b741e2f106358ce1ef45fd360616456cc46a0011389934ff25be857668f60404277ce3418fa7c994254b41f143f990f905d02701a3cb897148b8cbaf59f2bd"
2025-02-08T22:17:54.271Z [info]: "f285dbf4a15c7988ec7f66892d8b1ab3ed17449d95f6e82e82d7bfa66e5a53700736a18d96694cc3948fd3899fb76d68423fe76eeafb371bb28247e17afe95645b727975dd503dd688b4201f23fe4421"
2025-02-08T22:17:54.274Z [info]: "32cb7407aeb4a0004e51cf5af4a6acec8b17505026dadc349228a477361c8a3889f9cd12dbaca51ec1406ac3dfd790f1"
2025-02-08T22:22:53.768Z [info]: "76da2454b249a49107639bb34b4f6f4e707521b058258da59328e42ceaede822bc4fc9874b78c4bf9902b1324c4113a5edadf877426afdfc0296531994cd810c"
2025-02-08T22:22:53.770Z [info]: "5dcea2ba01e5956e335af78dc5f291faea4bc2746f83843823f897368d97702a2030d0c9ec63cedc20b3de8a77abd97fabdd317d128bff48ac23f713c829a4f941b1c31c379674ec6603314913d8bd4c"
2025-02-08T22:22:53.774Z [info]: "44cd2dc250f2e133ba14b4f59b34091d369b5afe3e69716ccf91b55790ac68286babffc496aec1ed84891c7f13d3053e"
2025-02-08T22:22:54.251Z [csp_violation]: "a2e6854d8761fa7525cb8da39937e4de7227112c6763f6893e682180a3db5204af4b23c701f8e2339883d60146ddeef4"
2025-02-08T22:23:03.690Z [csp_violation]: "b04c4772690917ed572e5d738e7e95dcf57ee76f52559d6226fe2da90e5f2cf3a48b2d83203ad22bc4b913913a843361"
2025-02-08T22:23:05.041Z [csp_violation]: "5fa54856dc04cda077cafe22124112d9feae1deec4c05aa2a0e49208c3f2107351faeada6190a31453e9ee79c08d78b2"
2025-02-08T22:23:06.730Z [csp_violation]: "42e05c3ca02b3a45e5909f3cdc7e7cd7153018ce1faf0fb9a8046f8edca6a09e64af638a0d0038efd048ff759cc80b0d"
2025-02-08T22:42:17.271Z [info]: "fca5c58ac8d8da0f222cc683545dfe588399a920f510052af6e8021406400d6ab3748f756dddb3cc2e16873b697d8c6320c6b2d436bc2c33f6225acbab570c72"
2025-02-08T22:42:17.274Z [info]: "3893b6c5dcb853dd6792d7e8bbbdf41936f04626550e3d749ef9b11bf2cf27bec6504a8088583cd9ce72441cd636e09d528acc7cef619dd7cde2cfacfc94bf0147541c581ec789e09ce964e261379a34"
2025-02-08T22:42:17.280Z [info]: "d127189e3b87ba24c556c966914e4938c6e1593899b4b4481e17697e1dcbf0f093173ef7e7b9a6765c3db4e0ff53ed58"
2025-02-08T22:42:47.764Z [csp_violation]: "7c4087ec7b7c1a059f8a4c39c3cd38bf3d314c9840c74195d51dd45924b465da503c3f5c59fd83b21bb77a1991027c61"
2025-02-09T00:41:51.230Z [info]: "b7360e8b132139bca139f767c846965c968b601d97615fb311b66eed8a1ddc03410da65f9095afe1288b62e4e7457a6ff3ad3dd607330a8bdd4e319414b0dfb3"
2025-02-09T00:41:51.233Z [info]: "467675cfccdbcda1faa90130f3b0d69c7d081ce8b61687f8abe91467f5c321834be75afe40ba83d6a9d742609cd05b8ee2d055554f1013cd72f7c2d700682b58c78b2fc76d449f511fbcacb0114605e4"
2025-02-09T00:41:51.237Z [info]: "cbc2f9057ebfbee2ccba700fdb958f0bbde324b1b20eecde6edee525392d6ef24ae06a5eb1b607313dd9009f4f7bdf7b"
2025-02-09T00:41:56.268Z [csp_violation]: "b3d719f1fd4a7cc69c7037ebc5d29bee3e7c5aab02933755148081461173c3af979bf7d66a8b183b2b5ceca4ecf3b443"
2025-02-09T00:51:12.416Z [info]: "b46621abb59beebdd9dd12cdb2e0ec92e14350c870e268895cac75dce92c1a6bd839e850c174fe469b30dc0b2f9d3b003bef48bbfda1c48e368bd638c2587f55"
2025-02-09T00:52:25.871Z [info]: "57e18ee96c649e458a3a66b00448da7d053d3ab6005d21ba03fdc97bd698adc724e8fab7cdafda3eaa44a1c64d723bd798dbd7b4b3d33388da85478d526fa845"
2025-02-09T00:52:25.873Z [info]: "9b92bfe18563fb5a577c61f08fe8898193fb98c9369a1fdacc0e51f81545857119d74b0b15c4aa46375035a73b94fb540561ca9512c9569bb94814cd09a4b5a7d17bc7aa56b45dfb1820c53934c86a8d"
2025-02-09T00:52:25.878Z [info]: "d2b63efbed88c38e9afac48a32be6af8ef8580a614be0975a3fb106e5340b8bc521dd2a7ebf7a88a0b62fd48cf25c287"
2025-02-09T02:32:08.188Z [info]: "33848d1c15818dfef92e3b9300b48cbf974712fde99bbbe967034a85ceac13e23aaf3d4abae0453985ba6cc7fe1a3193ed2b7b68c1dffa21bef2103b68f968e6"
2025-02-09T02:32:08.190Z [info]: "f1cf379cac0fc1381214133bf8d9e8a2657117f53a7640bc74c2274834148b1baf8a527aae955b1e8e863489422d35a057c7dca3f5241a55bff451a93f08e4f1103c8d6bee6feb07cfaf29f3e27d7c3e"
2025-02-09T02:32:08.194Z [info]: "470892bc838d054e649fae30fd738bcabf094ffdac2876124fb86b2803eb565a585b6d37544285542ad5d6d00ab5705a"
2025-02-09T02:32:24.008Z [csp_violation]: "8583fc9db4f405104d9fdacc5920e81ce45f1b5b1d09cec33f99eb772267b8062a5693d4538932b5dba7f190069b0016"
2025-02-09T02:34:17.383Z [info]: "d152183dddb839b2214ca674874652eb01255886e270888713dbfaf9cf72d766787c6b6d2eb0faac4901f52518b05385b0a989d01e860f71116657ee479b8731"
2025-02-09T02:34:17.386Z [info]: "bfc4000126a527f5e41d7bd7a04ead483cca36aa1db9aced278188ab176fa6e011c6dfbcc30f4effefe1ba5b92c288af82307bb9726cc55b0fbfb374618453959237c1c6bc4a4d54c2bebaf9414e6ae2"
2025-02-09T02:34:17.389Z [info]: "e21ecfd3da4894607093f1038e08a130bd889fdc3a4dba14d234ed9b334e7eebf94bfebaa2131388b40b0c738d9e9851"
2025-02-09T02:34:20.466Z [csp_violation]: "14e90a5d08f893e54ac6db8710f00ee7f873cdcac07202de0978fcb1fc8932c1cd96ace91dcf871a24683c042a321aac"
2025-02-09T02:35:08.696Z [info]: "d038479d845e55adf8bc629c897d111eaa9f0c1d75cb2a5ca547d233836af27e07324dbceccd22eb81f58a1185fffdad1dae008c1d949dc29c19f2c473e22a76"
2025-02-09T02:35:08.698Z [info]: "bdf7b07183b44d66039e2069f71f780aa7327fe97a60130553c039f53a32226271ebfa382670447055e2ce04884e3cf8452e8c54e541174144b887385e7061397844b1278ca99af27e744a5b811e90f2"
2025-02-09T02:35:08.701Z [info]: "324a96b9d9545ac9b563d593e522948e304efa970dea9dddbbeb9a6d160bea2fa13440e87f6b72eeb3e46896548a307f"
2025-02-09T02:35:11.607Z [csp_violation]: "b8121f1d0603de707c27825ba28344586afad0d9e6898a9fab4d2edab1ec07356dffaee4dbc0ce16f2f4107e845b482e"
2025-02-09T02:37:36.305Z [info]: "68712c8ddfc3094bb17d1de8a4fd6acca4da55ed6eeef1d7eb556ebc447c3357d408d0d771218fb87c4307a7717458f098588dc45cb6e3969ccc5d555ad9afe9"
2025-02-09T02:37:36.307Z [info]: "3986869f79034097fdc17d29f3c825bc29a7ad544aba0345a152273a3ea8b923baf557cf425e87cbea574cc2bc1086f55572b1e50dd5092012ac5466d31c3cbcbd7d81d4a2d8753c9e1dc624e25f825d"
2025-02-09T02:37:36.311Z [info]: "a9c2511cc297e7ab864496ca5640bc934c3b6ac971014660c51b79e2a6117f1c16b32484f442fc7adae1f6e632cc6fdc"
2025-02-09T02:37:38.411Z [csp_violation]: "29d8a1d3cd74c7c419f7ef90c8ee7667beeea7d29cff2fe1842d9849c18920d48a9ead447e7e9ad85cef5a9233c11e4c"
2025-02-09T02:40:04.644Z [info]: "8ffb0b7851ef9417e2e472689c416f464a46ffb86b37971b1d59207c05573dd705e54619fde6396b722c73616215fe63733453c53ff5f7897b8ad2ae4eeabfe6"
2025-02-09T02:40:04.646Z [info]: "da88d3538eef648a23d3729929f6d8037e9215b402a4d93f8c573536f2771c102d5ce4927a5798f3b53a4e43afd35b79d3267c56ae9968ad9fa79d073303bb6cc1c974681d20e3a5b70599d050ffff14"
2025-02-09T02:40:04.650Z [info]: "74424a49e8cc9b901c318c76f7507ef68a7ff7424099a1c374b3bdf2c14a9cb646deab06e82dbe99b370c78f3751fbd4"
2025-02-09T02:40:07.379Z [csp_violation]: "07c12f4eb4c087517751abd9f1a4b3cb0c27fcf199b0776b50c93f2379234b7a8bcfff0dbe10fdb0fc0a4d897c36ab7a"
2025-02-09T02:40:36.046Z [info]: "8e2e3c8227b62184c5ff578b802a586bf2025165279e596f4e2e1a24921e39956f8ac5c153772731897c5665ee4c3a11fe3b64cac9aa0be00d158ea71c88f935"
2025-02-09T02:40:36.049Z [info]: "58899cf5a73cf8170daab02ac60cc3c280497a25c2b93e2f9d66f4c88a93798e9da67b9ff1e6ce13ffcd91a2416770b113e871816f9c6e7238bb9e6d94059e3aa6230b2787a11615caa6b3b483413345"
2025-02-09T02:40:36.052Z [info]: "52462a9bc44b703ffddc605d65efdda24131f05e3ecf61f4f8f229f7233f570a962474fa12c48b882919348491517c33"
2025-02-09T02:40:38.875Z [csp_violation]: "5866ceb99ea6e142db92125b0ea3de7c1abe953162f8ae360c38fe6dd3650637ac629fd68bf61102968ace6af0ce2b06"
2025-02-09T02:40:59.101Z [csp_violation]: "bd8830557bf2e2c521002d01e8df3e5db121a1be3b22aea1b9e0f1aed0eae9be20086337d1c54dbf23b7d97e3ba3e5da"
2025-02-09T02:41:05.223Z [csp_violation]: "83e15b0a37bfdd3e581e13f317a082b3cd42d39fbe07c76e7d690ccbd688c8dee18ef9432808460a183c4782312a7555"
2025-02-09T02:41:14.816Z [csp_violation]: "689182a887bbd6dcdf605f86611791e50726f4172f3053a57eede37dccafc8a323167fb337e3111c3dded2ba9afaf257"
2025-02-09T02:43:51.405Z [csp_violation]: "773ea90fdecacb74bcbe1bc349a23b5ba3c87dc8b9dadf07a64df03aedcc91e33881f9e7e323b25630065a4f58a80fa0"
2025-02-09T02:44:16.314Z [csp_violation]: "649b9e0b6567edf3a265b77b3a3b49677ba4de6c64cb46c59b674770e7321e0c73593f35ed88ebc320193aa9b6407e21"
2025-02-09T02:44:19.036Z [csp_violation]: "48e37c9ce909d26ce32a9d9f9216e2250b34c875eadba7cd8221166e28695d2d0cb43d41e56d81181736e884a30ae69c"
2025-02-09T02:45:55.369Z [csp_violation]: "59b9ba0e4aeda7c61e4ba975b234d656a0d7b22463169123b902ed98adbc21864f07a85b31bcf55e123536e9b675244d"
2025-02-09T02:46:06.834Z [csp_violation]: "fc4499750ef8570adcffefca63da82ad94842127a112ff71eaabf991bcb1f5a589d1d07a8ac4a369377820975023e01a"
2025-02-09T02:46:10.390Z [csp_violation]: "4bbb0d21f3bf8cd492397bfb01c25ed581b7edeaa76cd92c5753a81e49a0ed61ef509476d864386626be6d915e19f77d"
2025-02-09T02:46:12.250Z [csp_violation]: "11b12c34779ec168acd31dd61fd5c60216cfd320076e010130feff243e7f6ba5b8caa36dc7dbf3132e26f40d574c1c3d"
2025-02-09T03:13:52.068Z [info]: "f01f490091a8511b2f4c63083b91b5af18fbe2d7359b050c9cabeea160565504e11ba3e69da99bc2445dc62ed0e63d2e840c4a9e157292fd81086087f0737d59"
2025-02-09T03:13:52.070Z [info]: "462204a951151c17d7710ebe4abc0e788a958501b63fe8786c5d1caa25646259bcb2a915d7995a1b6da58295ef8a43e6009fc4d5e5a38ffcef1c73bf366e7dede0353c8170be118c77fd896d26ba15bc"
2025-02-09T03:13:52.075Z [info]: "fb59e93ca6833dbf15c72f4c2f08fadb10ba60f3425002c4eac21c1ee0532b7c39d09b820f0702daab3d5b0d3cefdecd"
2025-02-09T03:13:54.904Z [csp_violation]: "efeef07bcefea873fefaea2504e6d190061ae8de33241b1e68133535bea80069a997feaf4d95a4b9dc93d4f2359eb31b"
2025-02-09T03:14:11.177Z [csp_violation]: "613161a60186efa7b8af358ecc629a44a7e12cea606bcbf34e6cc112b44bf3e547282a4e40aa0971f3e2c3950b13a9a7"
2025-02-09T03:14:13.122Z [csp_violation]: "663a3d3b58b6f6b1ed96bb508538cc5babe126f62f5f83c4d3c84e7e5cbfbacb3c01fbdec8e5f6383f6254e03c473cd9"
2025-02-09T03:14:14.438Z [csp_violation]: "4c170fd5302455575ea51890a5923b0cc312d550aeebc177aa29edf4d4349071012d407b8c1cdb34ad78cd3c22ff3d76"
2025-02-09T03:15:06.225Z [info]: "468891a4f95c068835c833415b91cc113fcaf20250fe2afdb62ec6b2d56de5a4f2f90213a5881c63a236bc01392672197a5af571648110e3aace27a14eb8b5f7"
2025-02-09T03:15:06.228Z [info]: "95fd7a13dc4ffd4d99f0642e0631cc25f952b1c2281cff44f9f918e3d6c357f03c8489ee17a3b5147b40dc668c6b6d621e98324f6c9c4d7a49ee350ad71a493d877c4ddd5c1bcff0f14e3ecdaee2142c"
2025-02-09T03:15:06.232Z [info]: "adca386d7200fbec7e54006923c6e29eba63e82bee0c4839247ef1ed1a9cfcf1cbcbc473b572c3f518b670a661d6d60a"
2025-02-09T03:15:10.517Z [csp_violation]: "f83bd215ea1455b27b0057471131072b4f1da4d36b8dec5371a92b3aa811b7cedf28a8269864bfb7113977c43d5dea57"
2025-02-09T03:15:16.658Z [csp_violation]: "5ca2e0bd8db87a5b20d7835d8ba18547c0fd8c2d0f6804f2d47a58f698d6e09907ffbca94c54f0b318225d4afaf8e872"
2025-02-09T03:15:17.781Z [csp_violation]: "c04b77220170477a5f52bec215391b92edcb16df0a1b3598fa3418f09a2b4782693f22f9c4f9cfd9d532c27043708fb8"
2025-02-09T03:15:21.025Z [csp_violation]: "67dd97cc7a6b2a6f98840ccc8805045ca5f7ace0645f7be1a8fbeedc74869afeab1756762bbc2f133ff98c7143fccf68"
2025-02-09T03:17:51.661Z [info]: "0a3cbf654c15772cde724962fc5aff802b417ad92fe247614182888bf31af30de9495e8ccb8579eb1dd046fb7508356ccc799d69931d9c842f444463055800a1"
2025-02-09T03:17:51.663Z [info]: "0088d0523ffa9e72382093ad74b70ad5f61ccce867b3fab6c468c7046962fa31724dabc3304e6077d19783549ef35e7f8e55429c7ac8b0271aa41c37825097a865274384e08d1ae971515ddc75d14da2"
2025-02-09T03:17:51.666Z [info]: "52ae456682c44366aaa9ef10a44f7bf37c2d56e7d2ae3b4b621304d4106beca021355f735a66b12608cb1df2a047b1cb"
2025-02-09T03:17:51.692Z [warn]: "160934a573fbbdb61d46b58b8ee2a1c5e27bbae0af1a8f54e9a6a8994ea40794a7302e7479f22313d1d87fa6b5286de74c390c9b91ff5aed149f755848f201705e5218ac15a3fb91e5e23a865a15ecdd508842cf314d4cefca55ce1776765e78b4353233ed998c4105259ada45478f800d53e70910b73505495f0fa3d09838b1dba605d88c70b755bcf249793f649868381a44d234ed126f7dbc8ea3b31ab38d"
2025-02-09T03:17:59.988Z [info]: "8abe9c47f1a7371759f9b44d32e713435c6690627d6a1131b9efb0480949267ed526ed264ae24e94bfa2d5a9349b07f26832eb8831b4ef9f79beb61f70b1ca27"
2025-02-09T03:17:59.991Z [info]: "3060c901ce342a710ae15e7fe12e61ebf24099ab4d5f0a6b235115ac2dabfed2ec0a8e2d1bd909b2d8054fd8121401f6963e710c7f3460c61b0e184f42b1e1ff8935072e010d3eaecd7a77615f9f0cd0"
2025-02-09T03:17:59.996Z [info]: "502504c038a963a3734525e4499a8e48f65b70b8ff0ddb05bb587a2ed8ecca85b5a24b7544328952d992dd590f98bf41"
2025-02-09T03:18:05.860Z [csp_violation]: "d74827af950861e2a3d171ba720177f07c952573de5451bc5c1977658f51fa74acd07caee14c9427b62a9222ef194817"
2025-02-09T03:18:11.617Z [csp_violation]: "01033b0ff4faf5e63ced88794baf4012e618e109d0f10d7c7402fa4011f9f44442b6aee3f760bfaf3cd58846a43d83e2"
2025-02-09T03:18:20.521Z [csp_violation]: "a3e26127c90cd1a67cde081f3ef9803a1d1244e815ae52a175acd172ec7cbe1cd7d53ae1ecf9f5bdd71291559f7a8033"
2025-02-09T03:18:21.668Z [csp_violation]: "da59e2ebdd189313bc59793a50e8beada8ae6bfe972cb028dbdebc617345866bbb0da71d9c14632e7afe12f6770a2dd2"
2025-02-09T03:18:23.105Z [csp_violation]: "601104c2b9411af03d60b1002054d19355def6fe855b1a22dd1a5003b867224e4326b048109c8b07a4c1780742a1a77b"
2025-02-09T03:19:29.983Z [info]: "219e092aa8d6d8777d1d62ab6c454c97837aa689fe0653750a05c8887e6e3c584d03fea9117f9f91fa7d95efd09dc6d6cfe00f2871983418a2ee138d1498a576"
2025-02-09T03:19:29.986Z [info]: "c9fbb2d9d3412fe5d2aef7377c7ed7ebb6cc5013c9323db68387e3770f4aa65ed8f0879e7904214882c849e708c89c314297340d3e2be7ad1c4ac4f54ed68e8d4c1b111c26ad3a9bd31f71a69f427ca5"
2025-02-09T03:19:29.990Z [info]: "ff319abec123a34378d7db50ee2cd2e196e31b65976f57755b8792239bfe7472568faeaf638d0bac8421c6a8bce4605e"
2025-02-09T03:19:32.927Z [warn]: "25aa0e0f657ad4b8e0d12c710a8d620ebfe48ccf7e4668a10ae7b34d7a264d05a6dec723aed318e139376fdc18c5d78d1e1ddda2720da92e77fbe6c4d8fac4c217140265ad237114ec32f5af6125b5585c3d92a1faa54b40312ff9b8681415872797f72730f7bfb1f656b645830b55a82f45b02b828c2b5cc3d40e460497eddbb42e48f18312e7d48699297a29087e46ae0beed83cefac49272a093696892e95"
2025-02-09T03:19:54.530Z [info]: "b899aa88cf5395bdabda5f4e8e1e4e450d397b3a80ec6e046cb0306e430aa2808ede6e8afb3e098b7d58a2dff7e351c43cc371b2cb72be17af35dcd57a1073f7"
2025-02-09T03:19:54.532Z [info]: "38e32675f617a925737f8f26845caccaa257a3998a0b4b8a35b09679bab656854221d6e30876d27309b0363c2d976f37131cf6c4068e4d164408345da4579af4382ee8ee4b424f51b3984972e4e21590"
2025-02-09T03:19:54.536Z [info]: "f8d17a0a94f2446eae41816134397ea822e86e7e768e0e8df78c2648cbf1e9d62012b1949f4b2f2cd18accbd2a3401f6"
2025-02-09T03:19:56.230Z [warn]: "eb74978080d072667bbe2567b8fdc4e095826f8be2c2de8b39cde4c72add074b065a15aa0bf88aa5f346d0d12105e6bc30e78c3cbf3fa91db7e0f9820298247d0a95ef535d829b3d73e4880441b5bb90b55a3566098765f0dd70fbc718ac16b26b24b76108e90bc8c4aa25afbff02ac93619d25fb0f111dcde59dc4c3072a91c61a92831345cba2598abd6743f0d2935bbfc3992c58720c7297dedd8a140b021"
2025-02-09T03:20:14.290Z [info]: "1521fba94667325a2e265828b83775f1dbfe55d46ad565ef32f7eb2c3b188b00b2699af186aeae242abe347631ba532e89446eb2a338f23b411579c13c3279fc"
2025-02-09T03:20:14.293Z [info]: "9562a7a95ab3717e716755268222473eede0ddc91f5754d40c66ff76129bd6cc7d47dd0cdc7724285b1850ff6c18668f1f4e35b9148fdbcf22db296f2f21170aec017131fc450848a0606f935a37de15"
2025-02-09T03:20:14.296Z [info]: "7d3e117f5a946f5f6deb3fc832c049253a061a22d41a3654e89d66e720846deee780311ed7a5ddbc56860245040b635e"
2025-02-09T03:20:26.821Z [csp_violation]: "8a2360f34cd10e0a1ebd5a8492cb0f67452b6e4b1e4d98616929640c2f882265afc9947e9781e2f631208573b2889359"
2025-02-09T03:20:33.062Z [csp_violation]: "8d129c55f5a909fe174afa490755deceedd6f34800f4edecad74f7a91df007213560ed33cedf595b559daa39a535ce4e"
2025-02-09T03:20:34.105Z [csp_violation]: "cd8dfb0226b911a2a95b83efb348c95c3bae8cc32419f3ac776bbea2424d6a036a84c4c19b21a555a4cba7620645b124"
2025-02-09T03:20:36.194Z [csp_violation]: "b98eee443d9d86e2e17eacba2f9983b3a26909a2c37ad66f08afd9fbc6d19f9daf46dc55a21d60b6af35fa48dc1f650f"
2025-02-09T03:24:34.507Z [info]: "c3cf78812beb51e310db9c9ca3cfd8b17dfa8fccf815507675236296c778ad1d6944bee169d5436d244357b24cd0c870bc7e08f0388d25db8f0ab21c27b324d7"
2025-02-09T03:24:34.509Z [info]: "6e00c68ff969f1ed259fa53207d0e973021ee9eb79fb2cbfea0c429f07797124264c644e7dd39fe9475b6a5c8af79496850002c96f5e76e4208c25e9f6ebb24be4d671d6e02795911e71a7ba17c5cf0a"
2025-02-09T03:24:34.513Z [info]: "b4614c41319a81e98f844dc1b521e02deef5bac770acfac7260f7054b7cbadc6f1cb59ef225e6c19290fe7e189eaf0d3"
2025-02-09T03:24:36.506Z [warn]: "2ff55e47b1899cc199cee6a9b97e5766a6933de70b5bb926f2e09ad709b18ba8ef52d3dad88cc731c82c957da64ad5951316a1cf3293297379cfe861e20fd969fd33b1a7239432eebeb7dc2193812bb734611d06d3ad28b8e70d8da728103354d51f3c65d41cc725b799256c71b9e2550ee300dbe12f416946838d5691117f2b3fc7e0926b2d380eb578e7adba8b50dc9d185d1eb86b8e66e6ab61e9b5b65ac4"
2025-02-09T03:24:40.691Z [csp_violation]: "8e046941148be99d9fa40a3198b42548e63499d3e2a6edafc94ab2aeb927333802ef0ffe61102bd0d52624d945df3cbc"
2025-02-09T03:24:47.571Z [csp_violation]: "1e02e2c7f1f440b7c17ed1626d8411790a115a3dd5ba0b86b259e38fbebbc341f9905085577c6042910ada6e21ddc42e"
2025-02-09T03:24:49.153Z [csp_violation]: "931142d84fef0e8dca603d9cefc79072fda06e2c7ea051db13e4e6cfa79e9707bf3fb5e02cc9c9ed5261388bf37ff6c1"
2025-02-09T03:24:50.581Z [csp_violation]: "e4763a2d0e935126e3a4b377c500f4d06f78b70a372be8ecd5a6967723c1aa4870f65103e48b73ba0ac4e55e563b20cb"
2025-02-09T03:31:51.163Z [info]: "78dba9c5ede9888d0da065575a2e96fe5a816bb5b750bb3d91e2c7757661be0bb4df4d48014f76aca1f0516f4da0aaebf7d00e14cc3af33c10231bb59f61392b"
2025-02-09T03:31:51.165Z [info]: "3dadab02c11f9db447a807483dc6a9d2f63c5401960534dc4cf29bfbf4e8849e5135c46b1dca84bd13ab84b045317ed04c963a222e913e6bf45d28041c00412450860ff479185c8c246fe056a86df738"
2025-02-09T03:31:51.169Z [info]: "dd2eb0814ca0a3790933dd104b3c9fb8f7629114e9683cca961133b80bd959d97595bc989bbfef0b4d20c23821b707e6"
2025-02-09T03:31:54.582Z [warn]: "d8736ee05377a73c10def1e880a7a17e8feb19e694deb1646c7d39b3ad3630fd46706dddd2924e9919833a9c68e6c70c6c5b41e28fd40158634d987af52426e173895e01cf60787d5bcaf5b8480f37c9d6690333515fb4659632d5361d6161846138d0b4f29e6316e2960398407a8b8211c770b8b2a7e42843fddc5ee389b79b02febbb2912741609366dc8289e7549585ba1057df300d4fecf7b6019189242b"
2025-02-09T03:31:57.834Z [csp_violation]: "2fe5fe9744697194dc98d5272a3ba3704918c17defa7d04ac159aa208e222443ebac052cb2091dd6b2fd82a7d5a25ab7"
2025-02-09T03:32:04.288Z [csp_violation]: "be1674e6d127a6ac3ed25b41627a956bb6353aebf17f74004760a29357b1ec1fb137aa0be89cda471b69c1d5a4e171e2"
2025-02-09T03:32:06.917Z [csp_violation]: "70e36fcf9f50e0c2498f9fa39e186198218aa016c5be27fac1cedb308fbcb1b0c432a3ba19d03d611e8f2473550e7bfb"
2025-02-09T03:32:08.687Z [csp_violation]: "825ea3f32d4e0fe6250aa0f8c68bd19769853a24c5b7f4ec7e8bf49bfcc89dfe8d707f8cc0754d1f8ae658ccbfbedda9"
2025-02-09T03:32:52.634Z [info]: "fe2cfe8ab84d5b4adf159d83d9634c2a13bce6b5793655135354e6d1bf79e75aead3b871b1301f2ebeb5cc5dfc8be0ed0d8c935e074f02d84cf1eb9b87a33bc8"
2025-02-09T03:32:52.637Z [info]: "a002ccaaeb0d06089ea71ba633e41121938c8678e10c0acf24ca73588292b58592300a53d2134cc8482b1cfc7da4ec7aa29a2dcf27cd3d47cd46119242122330dc4f00a11bd7322af7d376f3980d8bbd"
2025-02-09T03:32:52.641Z [info]: "0a10dbe993e57352a43e87ea9470b1802ae511ecddced387251daec8a62c02b50b6be527807341304baf0f156eec32b2"
2025-02-09T03:36:18.423Z [info]: "24803d0e7ea8fb5c3c4eed6ce21e4be2e871ec6268cef6de16b4799b6b8dcc6966e62b37229d646a8082dee17b590fd4cb45525f3a852d776dc9661422fa6189"
2025-02-09T03:36:18.425Z [info]: "cc7c0cb9ec04e6f1611da6a2915560fbd43086b4a59425518d8640ee34dc8b9cb6282412467780f316c47c42a1264c6224aaa6ad7544ca0cd76d6be88af2b5e5fa199373d718b02f649226804a3ea898"
2025-02-09T03:36:18.429Z [info]: "f755b8910e6afff43b4f822578e2e8084dccb204c627327ccbd2e2f5b5aa867be439f619874b6fc05bfac34399ac91b9"
2025-02-09T03:36:20.747Z [warn]: "88f83ca8c7b48a45c97dfd9bcc444eb3d6d44a73eb44c251d615d4385e0699df649afc5151e38551633497a61d76edc3a34dad515c372b954d590ba1e5c1191045efb7dadde693856bdf38b42b9c74a25f66939623a1f983c0629e15a16bac6fd3788483bb22827c961b7b85558a130f4a8e6d16fa4eb6d8249f7111ea0de5e958428e9a63021b6e20005825b76491bd9e3712c58be0e20b5a46c6e0fd610d17"
2025-02-09T03:36:24.979Z [csp_violation]: "940c33005a83290f3f9395c41240ec1a273f5ee73118774605b5dafd94f64a0bf059b329af873c2b8fa0e6722310073d"
2025-02-09T03:36:32.057Z [csp_violation]: "e6e7c33b2cf392657b53928fdc967e3e6f248202c7b23844436f45d5f08f7243a39fab920128d1226e5834f9a51129f7"
2025-02-09T03:36:33.457Z [csp_violation]: "fd8c385718f757e55f00c79341cac58d154378f776ce4397a375321d82fa7aeea532ed9f59466509dc1d66c011b9ccbd"
2025-02-09T03:36:35.148Z [csp_violation]: "72221366c8d1da57b6b5cf601fc695a0555a83d6d4a3b2ddb4a0061ba215e8d1051628bcf0e7d63f8ef3cba94793daf9"
2025-02-09T03:38:58.714Z [info]: "1aa3bd44177d0da0eb3e8472863827515cc8b5daae598e754fda9e511254d99cef6eb5c6f417edb626c437c754f45e227859d60583aaff5451ca2f8fd7618faf"
2025-02-09T03:38:58.717Z [info]: "bfe53da5e264352bc5035e2c20289be9098715dea352847fa6d500ca99d5bb5f78b5152b8affaa3566f0a5140d7af7bc7610e204142a66f8b4a9262b3512620b6312b45ecdef2ad52553154463e140dd"
2025-02-09T03:38:58.721Z [info]: "cb57ee50cbdd132bce66e341bcd928abf52971085d3c1b64a801b6eb0e9a234953d90ce251c27b4e996c20b3fdd9b5dd"
2025-02-09T03:39:01.413Z [warn]: "aa3533c987c0c5a254fc390fb7b64ddc3486cf490a8a983b35704573b85e539f216ae691acf740fb75dbecea73166de1e0bffc307895ee0f869070d9589ed69b8367ea8aeeacfd20c5a09ea5b17df02596566969de3ff51d2cce4f09372ec3ef3b8e26c3a7a74db46a6cf2dd36dad0463baa7b77973e448813b83ec075fa73a4bdc56be7e291b1510b0007709a477638f0c47c5002581c11bd0b8ff05a23ede8"
2025-02-09T03:39:04.080Z [csp_violation]: "e5862559fa7f5cd751ea5e081121bef27917c6f27ffbe58144c32d3727531387abdf866275e984d89177c82ea71f68bb"
2025-02-09T03:39:10.994Z [csp_violation]: "39aa2e400a9c166a666d95084442d43716dc7c467a3d261e9d691335aef75dcf0f2484c650cb42b6e1f98e5ee5b13b8a"
2025-02-09T03:39:12.636Z [csp_violation]: "0cb1bc03a5aa6f6428bff5ce740425397b8301085b83ef4c3906394ed886cad3ab4c79c057976a7af211213241bd3702"
2025-02-09T03:39:14.298Z [csp_violation]: "91a59f85befc0e9a70e50897a43d460b08a8e94aa9624ab0d7ea89e7fc5f2a7d98f6527e4212a4ba6b16c603b2689977"
2025-02-09T03:40:00.079Z [info]: "730e97fc659fa29d3626824de0deffd0033f349048c4bebefab3a0e203e4dfa9c909ca68d86fe4ba5e551d82a3229c2f2ad8e622aed658b80ad92f497ada57b5"
2025-02-09T03:40:00.081Z [info]: "d26ee1ec980e2fb666d481ba0181f0999b3b7b55553a303db6042cb82153d2a47f8a794dc6d05d66b4e40243068d0c41c88bd7a5b01214df11e1d23f6588e4de4eeabf57cd1fdd7798cc0c18be109171"
2025-02-09T03:40:00.086Z [info]: "27601e2829bc141080c49605ee270dcf1de7a4909a756f8d2d383d60fbe1711d4bcaa9de9272c3f80749f7c6c2db02e2"
2025-02-09T03:40:02.232Z [warn]: "88b307ecf8d4844b762725d2efb21176278e24b8692b2b0b96148fd7308f47351fe6bd8d6cc3edfee379f25b023337e1f64739a3d6d0335e655d6a631490ff925faf2e0395863439c6964459c605dbef02ee8c4124ef726c3cfafd195e72b3765e464f1211edca735253e163e4295335d2cd2b805975e973c51e95e380a2a6981b0856e432e3bf71226dc1959420c37bc82040fc75c17e27ce866d5bb19028b6"
2025-02-09T03:40:06.862Z [csp_violation]: "c487095689f7e625e7b2fffa00241074768e35e50731798b858e32c81befb7327b76a46ecda6d6785ed0276a6c124dc5"
2025-02-09T03:40:13.177Z [csp_violation]: "1092eeaf2dd18cd7a5d189c3e60c4551c730a0572049ba71c0f558065bfcfb5cb864382c273d02113736418818060b79"
2025-02-09T03:40:14.711Z [csp_violation]: "9eaf68e31d3e852ab4963660359223eeeaeebc507d81322847d5b30b24dafcb4cb7ada231cbafd893e6f2387e96efc12"
2025-02-09T03:40:15.902Z [csp_violation]: "7a375d2ec98f976e954c565efc4786dffaa1563bdb3fce6bb578fdd0784ae25e142df9faea4d7b20e0411bae53cc02e5"
2025-02-09T03:41:09.409Z [info]: "baedc04dce9bef40606adcf863c5d16c58dc4141bf54fd288a8a34ddebec0cc001d87b899d8229a3ae5cda078e443bf5369ce7282cde51ee97356f4d79264fd1"
2025-02-09T03:41:09.412Z [info]: "aab4939edcb6faf2184f32a7a78f5dca61a89603679bd8bdb030b7996cca0ac834dd2c1cfc928e288b399a4b07f9a0917e1d6c1a7b52bd5744994f614f14b039648b2522d8a3fea59b1dadcff80bd7e8"
2025-02-09T03:41:09.416Z [info]: "6f953eaa76160e2703ceda87981c45770d2a8471eb1f69e6205df62dfb905c7cb88ad3de6f1e10c49230b04a589ed001"
2025-02-09T03:41:11.476Z [warn]: "49149d4b3d309c22dba8faa50ef97c3121a4dc6622578e74acb610daf4020b5bbd3c17b81dd652790ad013b36d1b5a2f107c0fb3750144a0d2f5a234338573549cd19e91c942115851a98aa3e6a97fecbf421bf52996c7c06da575680b1bb3112de2413812cb8d71f996a6964ba91db33ed03e0b0f6c6758697f9a9444d4f72c09d2e491786a16a1299f74e0e63e3739873d90fcc38d4c8528a0b5a8d8ba94f2"
2025-02-09T03:41:14.542Z [csp_violation]: "cfc2b393e4e4ca6ac7d8cda757bb0c94575702c5b216d49507488ba359988119b224cd45284428759149741326bc0ae6"
2025-02-09T03:41:20.070Z [csp_violation]: "c1efd4e0a81c35d6ed67222926d8e80d3b8d82fcbe701c3a75e14ba4d51af0aa926913d720099f42ab2306f41c0d02df"
2025-02-09T03:41:22.105Z [csp_violation]: "7ed87dfe3466cf861277e78a45f81e18898a7b8ef44a5ed8be3f8ae052110431a5bb7af92f6eeab1b75afc3ee26166ac"
2025-02-09T03:41:24.324Z [csp_violation]: "d9cdf10225c2912b02cba1aa8110f5eb4ff767255bc24f7d978e97fc7d9f2ec9125c2efd37e24f4dd2295857982ee595"
2025-02-09T03:42:28.857Z [info]: "179d92093a3cb9b5ba9c367215b5cd3fc8cc4ade689d8f7d691ef500acf342f0e6e94f099251ec820f466edfa30b6571ce46380774ef1048566df3740b0d8a89"
2025-02-09T03:42:28.859Z [info]: "9a6d95d66672fc77c8dc27f98da8e12afb2ca5b3046c19b569c67b31f8dda9bc1b7be77db8086b2ac1e46b43de20ee561927e71622cbe2bb9d18d924609fcc0d33d372f8c3b26390dee95bfc957bf257"
2025-02-09T03:42:28.863Z [info]: "f381a5e101d80c0be76594716ecab5809ce86143dfe223752b6739f6d7fb254035272f1029818934b4906cca8b3ac6a0"
2025-02-09T03:42:30.882Z [warn]: "9571184f7d7aea704d3cfcae42e87172dd8b3499a63d82f98545b8c82207d9bba48720ae6c49b7447d3b623d4bb9b05141aa5f98ec0e0ed65e3c7af28568ac7ba7e62785f73edc40a2b7a29519b320076e4d593442d530ee87dfb02b0f16aa4fc5aa8d99297700026d47ca76678ce2c17d521000130238f69fc3c60e44adfc4f835c5e5162a302583a27731b5c84fe616a99ff41d65eb0b1522c0da80928fba8"
2025-02-09T03:42:33.676Z [csp_violation]: "e29a5c8e2a0e1ce00b41a7a423c1c82179e2b5fa6aa9447254c53bac2735140159c01ab664fa52807f781d9f073ecd4e"
2025-02-09T03:42:39.721Z [csp_violation]: "706894471caebc461b9bcbf69e8603b83f5cd9c491ee14dde740250f9baf2113eb35d7bdb913aa5a4d22ddea9df5d0b1"
2025-02-09T03:42:40.977Z [csp_violation]: "7ba55284e926d61d8554cf7c69cd119d66be243fa3b598ef33ee74487035a7521039f5684f10d0ccdabfb0b94492f076"
2025-02-09T03:42:42.625Z [csp_violation]: "8c0b18d765ed176d9e16711d14198f0a20220e88a29593f648ed5c3cb4543b88605f735486b4a87f1c5e0dc14503402d"
2025-02-09T03:52:06.132Z [info]: "f1c07c17267868798a6dfd2920743202715e37e083f93f64aa206d52678969dedf10fa00f8d6cd6aa4065041904710e6c05d2a86aafe2bf5c51ece3e0f913b0c"
2025-02-09T03:52:06.134Z [info]: "deac22113e788249511c2cc843f8519a878c781497759b18050528f33c498fc6d627907b8f5a95fb66d656c398ff3549ad0a253d6117848342cae43cc1e7195e8c7d3e9b50078d461cc066fd3faadc68"
2025-02-09T03:52:06.138Z [info]: "7b6febac07d18274ca3bb6038215a8d7fcbf631c059b2eb0ce5b7cc8c4ffc89533bc3d1be7b24473c85759aa7c138b0e"
2025-02-09T03:52:09.596Z [csp_violation]: "87161f5b9ea92be77cb028a7c33718145669cf8d206f689bb0d099025a25f1bb62453e7a6de4a3baafde4969a2952176"
2025-02-09T03:52:15.240Z [csp_violation]: "6299fca83427d857489b2a84c64483ef6cde3c0057f6217e7f4719053286744595b4e740179fbc6261f222e6dcc6e084"
2025-02-09T03:52:16.816Z [csp_violation]: "c9d6439c7ce842cdda95c56d138796692e8bb5b0742cc089ca182882c6c653b44bf65c2e5101acf0d78a1ed9c047f782"
2025-02-09T03:52:18.378Z [csp_violation]: "159231801ea9d78457515feff7ba8bca1e329344d18392e5480aa0a0c553960a2cd04cef7b99d56a966a914de39def1a"
2025-02-09T03:53:20.612Z [csp_violation]: "c93ea0f8f806f5bea74d57d151790bb52c4921394feef28ba81ca56aa4f4830c50519011c426d9a9f7f96391fe1115bd"
2025-02-09T03:53:39.152Z [csp_violation]: "66e7119b316440168b8f2f17e63a14bb3d99e489847041fc37adadf56c5710415bbbacfdb37ebf6b85a7cdb6cd756074"
2025-02-09T03:55:53.338Z [csp_violation]: "655728aa5dd24b5ff1300bb10fddc73e09f05c3510394b2e7fc1e324becac781447cf3cd737e89b2b8454eec94a1f3a5"
2025-02-09T03:56:00.811Z [csp_violation]: "5b029481a2db65f791167e6e9ded280d408e76c54e92efe027d6f497db74df9a4256a54347a48a69991fdcd5af7372b9"
2025-02-09T03:56:02.430Z [csp_violation]: "6d0b0f5f5205f46998552f0d3ec7f1509de4c2918d8dab775e7dab023dadee47c5bcda5ebfff8b5902ded7d721c22caf"
2025-02-09T03:56:04.170Z [csp_violation]: "7a87de89d14b5012cf95c1669dab5912bccffcf11569d09dd75eaa917be76f6acf3addde1c710dd642a03785977d4a24"
2025-02-09T03:56:54.528Z [info]: "d1de1721f391aa5149a7de12469419826af34928773274671947c1bab4a4f997791afd60820e7fc2a02f5fc4e736c37ec73a50cded84f085a8744522586b6836"
2025-02-09T03:56:54.531Z [info]: "e92b68b4efbd317318ca020c4cd1c30749ba0549fe4f9597bf8a8ef50fe420c4ac37302c8cdd494589f6d0259c5748abacd2e0dc31283de800f89cb9ec423eb6227e2b614607eb351bee8eced774888b"
2025-02-09T03:56:54.535Z [info]: "498bbe8f2eb7003031d7960b0db2361d36dd0d2576a0f8f01fd34b8043f9b3b296deb9301ca1ce77b2c059913208c861"
2025-02-09T03:56:57.682Z [csp_violation]: "c0823c850fd219d0cd67149d925ffbbef18ece72baae00baca6061a4ac33a3c1d1d8568aa42ba9771e21a30c4b300523"
2025-02-09T03:57:03.636Z [csp_violation]: "d63b80227ec68a4b1a61507e4e199124a0b278c35a1d6ace24c0f5f7830f1d75adc4e3ba47bd25e918cf83172d8e2263"
2025-02-09T03:57:10.829Z [csp_violation]: "9b0ce9b4822842dd516f3c07d0cb6c3487b1c395b0763473255eacdefb28c1fa42bc9b9b510b65fcc33a98b01583b8f1"
2025-02-09T03:57:16.845Z [csp_violation]: "d3bba94acb2cbc5eb1eef81ad2b1aa2cd7a81cd4eb10b429c5d9ac3c3cca178d8ec575a97e3ad7ba507723f1adc8fb59"
2025-02-09T03:57:18.265Z [csp_violation]: "320eb130f41e16dc4f2be445946c945056a7e08d1bf4e279feb4ec4e552ad40b2788f928e469f391d0cfa23132a13a8b"
2025-02-09T03:58:10.605Z [info]: "8b12372037b9874f72b2f63b8022111c924ddabad95f5c27fc8f307dd6634b6fe77e779cae1513e39c52047175a55aa3c6463f154744561e0e858c82ea023b82"
2025-02-09T03:58:10.607Z [info]: "1c8dcec0ac052b8f454961fab3025cee502588345b92bd4aa73cf3e116e18dc0166cb84030e470ddb0de54d78473d95ac554c20fd0e4db9f38f7f5ba70ca1f3525d9716ac437d2b4b111ae8facb1f252"
2025-02-09T03:58:10.611Z [info]: "c2c5f8106e12238ea8b56bd843ff5a8602037f4ad87373402237d7ae883b4340abce6eab072b920aaee80546d893988c"
2025-02-09T03:58:13.279Z [csp_violation]: "0116dea260ef486a01382e8e6f309b53e830410265915984305a2f73743ae38f8b66e6a007ab56dbfeb2b43f0bb18746"
2025-02-09T03:58:25.681Z [csp_violation]: "c7ff2c145fbfc37818bef0ae2b727dbf88be1e9c29fdb251ca7d0b59e41238b0eb8f1135a8bbc8da725f23fa4a54cfa3"
2025-02-09T03:58:27.403Z [csp_violation]: "050cf4bff90bde0309eedb7bb73cf434242aa2292328d0d2a95840d1e183378644f7b92c87ebe730cfc6bb8b719ca073"
2025-02-09T03:58:29.123Z [csp_violation]: "1d21e5d0dd1c096aa44d9c59a6aa6304c63587a8f15fb068359f3435856b4479890487f964389a44182235a7d4a46c9b"
2025-02-09T03:58:52.899Z [csp_violation]: "7554066ae5bbad3c6438cefed55858e9372fc9a122c5eb700f3f25fbea806a79d90801725fc45692bcb9db5ed98bf16d"
2025-02-09T04:00:22.938Z [info]: "ed37dcf8f71e26e1733559078a56a3db503c8995b9a4bfb4ad43110f6f328cd84743445a508453ab38071b67fb925af53226a54d20ad7dd3a85e19d8aaf4516a"
2025-02-09T04:00:22.940Z [info]: "6b21e20e17b3b7cf032748561a0f47e7156f53086e2cad31359679978aca337b8693f00b8ee5d97063dd1abddf550c8d00ca92ffed6a2801c9f23dc9033a60e0e18a9ffec311d974000e4864e5dce642"
2025-02-09T04:00:22.944Z [info]: "2eccbfd5cefb7fdc446ecb0b05106928223431334108faefae576ff55f7c0387cb69174cd57e4627eaaa38ba06c100e6"
2025-02-09T04:00:25.813Z [csp_violation]: "716d90b1404f8100d8ea793122363b81e5d8d240071fe651c6fd4611deb8912a5d42f97b7f1af406eac1e7b9044f03d0"
2025-02-09T04:00:37.196Z [csp_violation]: "df04fa0813224f69ac2a7a0d22337f63f8721cd6c6d182e4e564035cebd4a6fcc31ec70f10bf5fc0da182ee6192808f1"
2025-02-09T04:00:41.154Z [csp_violation]: "61636781da00c584a299a5152a932cad71b434c00de685d91976fd0a4f6a024b15d9b652e6325d10eea66b3cc524f4a8"
2025-02-09T04:00:47.930Z [csp_violation]: "ac6bdcdb77183461138687b6a09309d22d4efa67f1c3fbffd5ae755143856625b514a61024f279c77fa834ec31c1510d"
2025-02-09T22:40:31.771Z [info]: "293e05209d06e5d155c49f4c58c78e8cde443d65e96b48ea277fba7f21b3668326b979bfd3f0adbd8497af244c7111a031719ffb57a1862a913ea0bfc12606b9"
2025-02-09T22:40:31.774Z [info]: "e9778eb4efd087c156a364a5e668e02d52f9b9b9e48ea9fa5f501fca7b69da1e3491748a35c377833b05ea5f544636cfb781144ec3429e5c31d7a692b901703b1e081c6a2fdbbd6ca84c143197e31578"
2025-02-09T22:40:31.777Z [info]: "68be48221d56ee86f915963c41cfec028e40aaf368d977baf55aded69cb53e158013fd648aff7dc7ea2f09591474b024"
2025-02-09T22:40:33.538Z [csp_violation]: "93790ad54fcbc7894b0d4958e13fc96c63c3713fb7fa3b5932b9c42074ae662b2e894765ebd4994286e336a51cce0b6e"
2025-02-09T22:40:46.284Z [csp_violation]: "03bf6349a4877ce6365848259889ac14105c4982327db1f72ff1a5ff2e75aa314c75f6f8f0a815593045b38fb9ae52a1"
2025-02-09T22:40:48.090Z [csp_violation]: "7392c835730715b3421af06176d76092107d718d58634dafa3c8736e065296fa730f06b5df327e132d473139b751fcfb"
2025-02-09T22:40:59.635Z [csp_violation]: "36f5db059b845b430ea02b2a71bdb03d3163ef87f42f8ea9023a4f7cc9cdfb3bd82f03e9cd21b61f31c7b0ac9e25b080"
2025-02-09T22:41:00.839Z [csp_violation]: "1ceef0263dd2e5099280ca8f0606b2b60a19a7b04e2f6de13976a1d6a65da5c258c20d77cc47df02ea373dc5494b2f3c"
2025-02-09T22:41:02.367Z [csp_violation]: "0365d85495b3b2df09420e88ded7cad8331d2cb89ef5b4a69979b3d1982f03be858a6ea70d3ae947bcd80b2ef3f22aa1"
2025-02-09T22:43:21.947Z [info]: "abcb7bf17125588459371fd4ad6a06a1e2e17227ba9b80a7ba0f134b432df9f6e196b8b2932e7ae3f15f2e40577a37b2a82cef87b58831a6d0f3a0f133a8752f"
2025-02-09T22:43:21.949Z [info]: "6a2fe94707ef8f0d9f3e6295d3495f84a0413c4ac6cf002fc5977591a602747eff438ff17851783b766ade8631ef01b5832eaf972d2d27ff4303ed2566aaf6bdfe06ca90fab7cf7330d05787dd220f1c"
2025-02-09T22:43:21.954Z [info]: "f2bd8ba4327ffe9dafa70def6b1f3448a1916981a2f420903817bea6afd196443862857bbad61c7542c3610a7083240d"
2025-02-09T22:43:27.943Z [warn]: "c4c053f32c8c46ae3aee8fc940d1adc3d52d266b3b3838afa03c0232ceefdb555990ec696102e257d99b0778ff4af2c3333da0da21a3c16f005d3b401c71e37ebeef4e36a441bcf3b7b30a4a33dd055528730dea0e842e0a03d337708706f2201b12a86db7f16c5b44630077718bb85d6cbb14020aedeb0add08ffa29091c7e034aabda198aea92fd7a6cd75364eb401f1b70c9704af8a94d4222993dcc44963"
2025-02-09T22:43:37.754Z [csp_violation]: "67634e795ac2d946b34285eed9c007ad82b081f2990ffe4ef2db468886676f51f66b1e2027a8d1c3910d69924e8904bd"
2025-02-09T22:43:45.540Z [csp_violation]: "5aaf1c3cb20d62dcd1026ccd8a88c1f04f2b8e96457307d20fd83af7c98584efed81382e85a41168d720e7d9b26796a5"
2025-02-09T22:43:46.629Z [csp_violation]: "877714f7508678f9d1afcfc76191cf868a26ede7f7d59be1a330f5a0a563592c3c8dd175e8ad7e47a874766d27dcab7c"
2025-02-09T22:43:48.105Z [csp_violation]: "65ba6d9648c88bd06abc05c224ba08598e493472a30d71ebefb8156b9a0c19fca360ae330c3dcd5fd805d019a18fc735"
2025-02-09T22:44:26.195Z [csp_violation]: "62a02100ff0c566ae7def4b6546d4a24afc43851cf8261370c930a65c532e6d6c9c575c51dfdb88bcdf19701a221f78e"
2025-02-09T22:44:35.713Z [csp_violation]: "60bab402debc8644d0f9958cb5c882092af3e4ccff92faeeb29bb2d0bb6703cce684257f49d8bcdd8fcc14eba9e198f9"
2025-02-09T22:44:41.554Z [csp_violation]: "49301a1e3aa64854d9fffde4a424d475d450fd49c609401fa17b9522b19a2f29131b41ce00218e6594ea54ea15a5d171"
2025-02-09T22:44:50.520Z [csp_violation]: "1dbfd99586509c311564230a201f50976042a518c2f50b8c73cf5b27cbcf94bb923d0d6a346c2b627abcacffdaec9d33"
2025-02-09T22:46:56.510Z [info]: "16181a89000d48eaabb29e3269549df0945257f5d9a632c17985e523e6f32f029cc2ee219705928c7ca3e77d5ae48574ecd07e59549caa62f6deb624ce42630c"
2025-02-09T22:46:56.512Z [info]: "6d00fc0def6700d316461e948ff77df676f3140ec643ed782d884a1fca4c13cd2da5ad9070ec80b70325ff6e70a18b13342e00df94a89f09d5badccf02422b145e60cec319f60334218e26ae9bc569ee"
2025-02-09T22:46:56.516Z [info]: "383f9227a3717dcc334578b29133986fafaf594c15ca283094294efe24e2748bbf9e90980d2f9599e0f573f64a0ff95e"
2025-02-09T22:46:59.470Z [csp_violation]: "a9a27ec73576cce6fb01fdb292926d19d90a2965b5d8b42f34b3696d95bfeb390cb95a0dc30adaf0b98935f256253b7b"
2025-02-09T22:47:07.878Z [csp_violation]: "cd5a66632d1a124746998835a77b426240e4f8bd6a4b9125700e6b18b866e2f69f3b47b0243688fe8fac3f3daef76dc0"
2025-02-09T22:47:09.079Z [csp_violation]: "633a7b69ea92e0204949f80190aa64cb0f436604eef4ce4afe81772c7191ad13c8aa0d6c230ae9d03c9b6765a791f04e"
2025-02-09T22:47:10.484Z [csp_violation]: "eb37989e565987324d1bd823fd9ad3e545e62e4e95a9a0214d7f4ca8b099855cec50fd3cba12394ed71143eb8424e55e"
2025-02-09T22:47:27.013Z [csp_violation]: "3b73c2f71fc908ee1315f540eddc83e553e30ec8d2a4c479d061944dad3dfa3b08691974efd93b329072bf3e85c2ef25"
2025-02-09T22:47:59.685Z [csp_violation]: "25921241f0863042d93f1ce7af5b376c559356beeaee8cc61954952f1bf824891e78cc5a71daa2c80e75c5fe5bf868f2"
2025-02-09T22:48:10.018Z [csp_violation]: "f764afecde975fff60d345f92e0bb26627ddde35b2d3bfac95ec35996adbf22aace620886a8d41d8042259c9fb4df762"
2025-02-09T22:48:11.299Z [csp_violation]: "49ee9755c7d31c258fd4724cd27f155e710fd440faf970a1316d670fc32c1522b3b77c51ef44d10c6194dce2929ca981"
2025-02-09T22:48:12.763Z [csp_violation]: "6e5058fb96063ddd9a20ef34c0e7a8a30d040a1d42f57cd82751c6c3da6f123054e7f0dc5b76d12a618cb1094b438190"
2025-02-09T22:48:18.394Z [csp_violation]: "c5ce0c84a0d68f69b826854a1f77effa450ff7c5b64db0c9c3533f64710e03395360610eab89d41afff133df5c96735b"
2025-02-09T22:48:18.396Z [csp_violation]: "dada605574f96d6d7484b11e847a693824717852a4a55f4330d72ed7601e478ca5309b9f51a78eaa61be18085e4a8dc4"
2025-02-09T22:48:46.729Z [csp_violation]: "f81983d10048e8e96cf6fed8ed6d3cb38f20481043bdea504124a16e1de5e96b0921fb46bc2de3b1f0fca71f9bf83a9b"
2025-02-09T22:48:53.651Z [csp_violation]: "e3cc8c055c62156d7b85d34582ba79162ae4f6d5f6e9593ceb122c24d179ed2af1173c636edc2877d58bdb8bce3760f0"
2025-02-09T22:49:58.948Z [info]: "97279e45979aa068e2b3edc3d4f22b231a438dd702efd87b2af09317d94d414aae2e2eaae3927508f1091e7cdbc51042b9dfd840e31713c392111f07ee63b3b0"
2025-02-09T22:49:58.950Z [info]: "c9bc91ca8c1f5c73354b8b4ea193f6861ab478df3d877f2d280739f15341b8a437653d9c216ab70fbc23ed333996bce0a60c936ab0f53e562456035659d2dc67e3d6c73561ff5f8db9d8cee417a47d41"
2025-02-09T22:49:58.954Z [info]: "091f9a5e166c9d902b7feb34d50756c22c7e8eb8e94e81183277580ef4fe58a9619e0fc76719062f9ebbe080d612a760"
2025-02-09T22:50:05.465Z [csp_violation]: "a2f1b92e91534c6e073ab3fbcb3a2e6c5a55d9b7b0ee656aa03d964b58408646f96d0cb8396091c117cbcf841bf25b0c"
2025-02-09T22:50:05.466Z [csp_violation]: "b700157c9e71a42b6acab972e6a34be89989eded4188ef65a85066047a0d6ba2ce3fb2b113edf6b02c91e053ba053e6b"
2025-02-09T22:50:06.170Z [csp_violation]: "cb0af96dc1d30d6b806ae3a295bbb012df72b361b5896375221378b1d8adc03796bd911f515eb9c1e83a7e0be3ae3d4d"
2025-02-09T22:50:19.100Z [csp_violation]: "4d2bd2e95409a554fa4d8d4fa27d843165ae1e7c2af72179ba46356ebefe31dedf3f7d299326befadaa3b151fdbf1d4e"
2025-02-09T22:50:19.102Z [csp_violation]: "c79d67d163753a630c1996f6f21ef9d78474cae0257f45f548795ea7f287f986437e40112e7ff60df887808da1fe08cd"
2025-02-09T22:50:28.860Z [csp_violation]: "2a468961005518a1a3d1ad7d241480ba64094222f05a2929a7a55bbdc929cf8acb108122774579192a84dc9cb9c749d0"
2025-02-09T22:50:29.449Z [csp_violation]: "13653d848aaa2ee07e0f98100ed23dc9a67a4295061364599bbcab5b1b564f6eed3603e22e50adf9a6bf2439764c9819"
2025-02-09T22:50:31.049Z [csp_violation]: "f2dfd419a69cdb065d513e097007256a5ef4c59091d6ca20fe807a029b9d440e1b389fb708b8f76a38b68c27940ed81a"
2025-02-09T22:50:32.862Z [csp_violation]: "c58328b56838bee543e7fa1ddcb266be01d7d2a9a2b590d55b61a20edf6416f2e2ca2a5a60b8e6a31f4e6fb84bf2cc6a"
2025-02-09T22:50:44.850Z [csp_violation]: "7ee681e9d5e43217f62a2785faa6b972c991ddaf8f93b866843a320c6965868eeae19134e1baf2a62dcd3d4a3ba50347"
2025-02-09T22:50:47.017Z [csp_violation]: "a42863723bc64b9dc6b4c360f9a7e7b955bfc6af8abaeff0b6f8be63220151dad2f024cf2a448d158e2c2db5582b3b8d"
2025-02-09T22:51:36.801Z [csp_violation]: "f1fbc191e755a1e7b3934207626fb3c8c52a5169a36a20e194052bc293046e5cefbbe186414db4a90e93943ba4363ede"
2025-02-09T22:51:41.803Z [csp_violation]: "06d0c33f2834d094c3677087aec37b30de384de2367d353c4985eafcda73e73c34d5e9c05c8339cd12a7885ec8c87dd8"
2025-02-09T22:52:32.007Z [info]: "4f379ebff4b337e150e441f5698ac9c56f4d82a6ee04fa70449e305e0efef606fe245b15eaa500d340555f4984c1dae01cc6b7088f825ed212edc94fd2328284"
2025-02-09T22:52:39.357Z [info]: "625ec13e3dbf0c82822070467a70f79a683e7553fb53f9c159851af1e0be2467e5717150be4af91af41e164ff9ea2bd4075a977ea5d956617f0a2789d17c15de"
2025-02-09T22:52:39.360Z [info]: "600f91ffea1b20dfb65df837bb9f8038534f5ea29fbf2f02adea0c10f6f600b420cdb68c1412456f0be08c66c53d092c077134096c16e2db929ae10553c3f5bac9c6cbf915990b195dd9e1209d84f138"
2025-02-09T22:52:39.363Z [info]: "4018f769fa920555ae000caa42acb69c5d7e58b2f8fe21034aea4287c304a64a9f42ca950f570b43d31a2f434ab6fe52"
2025-02-09T22:52:48.981Z [csp_violation]: "b44a3b54d9e594f1ae7df5c31f97e53b0135305008fe2ff8991464d6831ee2caccb834534adaf095adb3cb318abd88de"
2025-02-09T22:52:48.984Z [csp_violation]: "b9fdea7c6d38ee6a0b120aa54486048dd10385a469ceaf7ff092e82b13a8fd560667ec94a0effc7aa56ccbe821ebeca1"
2025-02-09T22:52:56.960Z [csp_violation]: "1b92906e8e96ccfb18a5b68a4107383b771e8bd8dad2c248a025069169729574fc88a0c6df6ca3435392c75593e2765a"
2025-02-09T22:53:15.877Z [csp_violation]: "5a012a61e3d987731c98067067a5db329c9eaff66ea3ba39bee42b02ada2bab0c3767c5c28610360f948a37e2a3aab07"
2025-02-09T22:53:17.339Z [csp_violation]: "844eadfb0f69b96872e567a61a7f5203eb38bc6a03c981cd8006345a130eb78f0beb9a65004de6acd4c0ba2c125b6d10"
2025-02-09T22:53:20.117Z [csp_violation]: "5558ed77ee4c6aa945373af33c16b5b6cf5a8a9344d5791f8ace52221d56697cdd9c0fc85b9434cb63e23a93a42215a0"
2025-02-09T22:55:19.944Z [info]: "bce31d821ce596533d85e5257d0f2d11cc48850092201da736113d13fb5362adf22baa8846ece8074b79751dae20f8bad102b15c082847fced75440dfaefc5df"
2025-02-09T22:55:19.946Z [info]: "1dd0ba58ea777d5d0496f78542242c80eae309f7386809c52c9d69d8cf253464a39b4d460acccda696518b4f99f2fbadbf6a23cf678187ee87a0a0f7717e87a5822c9a02c273c72e51093d0f8273fe07"
2025-02-09T22:55:19.950Z [info]: "2644500eb864f10d6615f9eba6972dcbf776f35e88469d7fbe1096c12af91dfb9c16bf1359cd170d67717dc6b4d1cf10"
2025-02-09T22:55:24.803Z [csp_violation]: "e1f255e8ef7ef17348498a81779debc5fb127be18f0544d1d1ca2a6151fb0de38eca8c472dd02bee2b98190af931726c"
2025-02-09T22:55:24.806Z [csp_violation]: "dbbc65626633ac00957cc58ce12a1406b76c9ab9cf12d20de5d90d807ae960374b85b296dba9e5def2ca765a34744285"
2025-02-09T22:55:33.040Z [csp_violation]: "6912a121d32120f3ea7a217f94212a633af7fa3f49b1cb85ec414b131d6bbe4a7268f1ef4d848cd2acf5de9fd80141ed"
2025-02-09T22:55:35.228Z [csp_violation]: "8a4b99c6de5fa0c6435cf4d0244fb1116bd6eb7add9eece72fbe7ba83bdfbd72da80f96a2bac91f48204a0d11b2d9529"
2025-02-09T22:55:39.867Z [csp_violation]: "ca885c4ca81c5df2559aeb000609a7b5d42155cb83cbe868a7b9188d632db2601b913e4a5ad5447445e67c7c4d1117f7"
2025-02-09T22:55:42.345Z [csp_violation]: "dba923580cb52e544bbb99a152d3cc408d9fe6d1770324cff8609811de25e2ec4a481888eb69f0a6b39ddf86afaf4011"
2025-02-09T22:56:17.867Z [info]: "8f30ea602930f5a485d51e3cce61bef0daab08652db289ae562cc2c746eafbc060e689a77f5b8d4d42a67b2efd424f839f70b17acc0bebc5d61362f5e233843a"
2025-02-09T22:56:17.869Z [info]: "19e88940603c7bd4322dec872d5476b7f3a8a96141d52ad6bee7019190981fd369b124dd1f4076a4f33d4a5444ea6bef33a15e187379cab82b91e7005d1111d37ff4d8d65a0e618ef4fb4a69eebcc86a"
2025-02-09T22:56:17.872Z [info]: "a503de312c5c4b1438088095c91d8ff0a6a4fb7168866d39fd53bd7a0e28a5a179bf40e48fed025be6f65f60bc3c177c"
2025-02-09T22:56:24.091Z [csp_violation]: "100728624db577165aa08bc93f5dcb3d3718f7326c73e1c010779c9367ad612a327690851c1d3786478d2d5a730c8a53"
2025-02-09T22:56:24.093Z [csp_violation]: "023ceee6a4e5b4af731a926990fe10030a8a004a68ab9b0fb47ae2cef375362963406a2b8b00a2950426f2318c5ee591"
2025-02-09T22:56:32.609Z [csp_violation]: "73b2529d060e0725da79898248b855252d78eaa47d42c81d695f8f495473fb235e63dfc43cf053aec49372d4f835441f"
2025-02-09T22:56:35.886Z [csp_violation]: "d3db3637f55b5ae19a5660fc98bb198047f4abaece366d7dc43d61cca2d6e2267fa80bf6ceb110751fa77e7b827614f2"
2025-02-09T22:56:37.539Z [csp_violation]: "5c3e623f1ae0d385c8b7d1027f660c8578554e80ed3605aec50caffc04cb11aace936407309c337682e0d53444be7f4e"
2025-02-09T22:56:39.764Z [csp_violation]: "54b71a2ea22286ed48d95285ec790454306091afc1c4aba163171d56482adf2ca383d40e4e5ede6cba4096eaa8e7fa30"
2025-02-09T22:56:49.448Z [csp_violation]: "70b635f2c74118f3c727cdc1df3d36ca4a71c210b954453264dd4da0c7480402a3f3946a81fda3f45fd0bf03d86c7b49"
2025-02-09T22:57:23.802Z [csp_violation]: "cbb972cfb3cbea8806428f074c1134018e7bb3487e6c7888616815bc30bf295de603fb2bd79c7680d8d7bd6d24b71468"
2025-02-09T22:57:33.635Z [csp_violation]: "7c02459053a151ce4fe6b88e93c3716d415472b0d8f2ec91a970675063e11f287e017b53d6228c241694e679d81a1b9a"
2025-02-09T23:13:51.697Z [info]: "6798582d81484169acd8e863d23ae0a60e64ec41f4ee3c4315aa9b5bddee72c048f9927270b537c8b17daf47c4815bb65f22bb7334fbbd83be0e87daf6d5b5e2"
2025-02-09T23:13:51.699Z [info]: "bb6530d93016c04bd049f2c5c8dd1025e9f0ada8725cb997c9993ca37d2c86d3b9969214a47f41d10360c9cf2f8bd0ab5727b87b83050a37fa5763390c46e93ffbd696a6dc9e20a349964adb27402163"
2025-02-09T23:13:51.703Z [info]: "f0381f3728b7094123b1851e6a0976ebcd74f4727b63075b899f588994f067492e3da22d745a34e2339710e7880756a7"
